2023-04-04 23:13:38,086 INFO o.a.j.u.JMeterUtils: Setting Locale to en_CN
2023-04-04 23:13:38,099 INFO o.a.j.JMeter: Loading user properties from: /Users/hzy/Applications/it/jmeter/apache-jmeter-5.5/bin/user.properties
2023-04-04 23:13:38,100 INFO o.a.j.JMeter: Loading system properties from: /Users/hzy/Applications/it/jmeter/apache-jmeter-5.5/bin/system.properties
2023-04-04 23:13:38,102 INFO o.a.j.JMeter: Copyright (c) 1998-2022 The Apache Software Foundation
2023-04-04 23:13:38,103 INFO o.a.j.JMeter: Version 5.5
2023-04-04 23:13:38,103 INFO o.a.j.JMeter: java.version=17.0.3
2023-04-04 23:13:38,103 INFO o.a.j.JMeter: java.vm.name=OpenJDK 64-Bit Server VM
2023-04-04 23:13:38,103 INFO o.a.j.JMeter: os.name=Mac OS X
2023-04-04 23:13:38,103 INFO o.a.j.JMeter: os.arch=aarch64
2023-04-04 23:13:38,103 INFO o.a.j.JMeter: os.version=13.2.1
2023-04-04 23:13:38,103 INFO o.a.j.JMeter: file.encoding=UTF-8
2023-04-04 23:13:38,103 INFO o.a.j.JMeter: java.awt.headless=null
2023-04-04 23:13:38,103 INFO o.a.j.JMeter: Max memory     =4294967296
2023-04-04 23:13:38,103 INFO o.a.j.JMeter: Available Processors =8
2023-04-04 23:13:38,106 INFO o.a.j.JMeter: Default Locale=English (China)
2023-04-04 23:13:38,106 INFO o.a.j.JMeter: JMeter  Locale=English (China)
2023-04-04 23:13:38,106 INFO o.a.j.JMeter: JMeterHome=/Users/hzy/Applications/it/jmeter/apache-jmeter-5.5
2023-04-04 23:13:38,106 INFO o.a.j.JMeter: user.dir  =/Users/hzy/projects/books/reading
2023-04-04 23:13:38,106 INFO o.a.j.JMeter: PWD       =/Users/hzy/projects/books/reading
2023-04-04 23:13:38,107 INFO o.a.j.JMeter: IP: 127.0.0.1 Name: hzys-MacBook-Pro.local FullName: localhost
2023-04-04 23:13:38,111 INFO o.a.j.JMeter: Loaded icon properties from org/apache/jmeter/images/icon.properties
2023-04-04 23:13:38,360 INFO o.a.j.JMeterGuiLauncher: Setting LAF to: com.github.weisj.darklaf.DarkLaf:com.github.weisj.darklaf.theme.OneDarkTheme
2023-04-04 23:14:06,108 INFO o.a.j.s.FileServer: Default base='/Users/hzy/projects/books/reading'
2023-04-04 23:14:06,110 INFO o.a.j.g.a.Load: Loading file: /Users/hzy/learning/lectures/jmeter/test plans/myFirstTestPlan.jmx
2023-04-04 23:14:06,110 INFO o.a.j.s.FileServer: Set new base='/Users/hzy/learning/lectures/jmeter/test plans'
2023-04-04 23:14:06,175 INFO o.a.j.s.SaveService: Testplan (JMX) version: 2.2. Testlog (JTL) version: 2.2
2023-04-04 23:14:06,188 INFO o.a.j.s.SaveService: Using SaveService properties version 5.0
2023-04-04 23:14:06,188 INFO o.a.j.s.SaveService: Using SaveService properties file encoding UTF-8
2023-04-04 23:14:06,189 INFO o.a.j.s.SaveService: Loading file: /Users/hzy/learning/lectures/jmeter/test plans/myFirstTestPlan.jmx
2023-04-04 23:14:06,199 INFO o.a.j.p.h.s.HTTPSamplerBase: Parser for text/html is org.apache.jmeter.protocol.http.parser.LagartoBasedHtmlParser
2023-04-04 23:14:06,199 INFO o.a.j.p.h.s.HTTPSamplerBase: Parser for application/xhtml+xml is org.apache.jmeter.protocol.http.parser.LagartoBasedHtmlParser
2023-04-04 23:14:06,199 INFO o.a.j.p.h.s.HTTPSamplerBase: Parser for application/xml is org.apache.jmeter.protocol.http.parser.LagartoBasedHtmlParser
2023-04-04 23:14:06,199 INFO o.a.j.p.h.s.HTTPSamplerBase: Parser for text/xml is org.apache.jmeter.protocol.http.parser.LagartoBasedHtmlParser
2023-04-04 23:14:06,199 INFO o.a.j.p.h.s.HTTPSamplerBase: Parser for text/vnd.wap.wml is org.apache.jmeter.protocol.http.parser.RegexpHTMLParser
2023-04-04 23:14:06,199 INFO o.a.j.p.h.s.HTTPSamplerBase: Parser for text/css is org.apache.jmeter.protocol.http.parser.CssParser
2023-04-04 23:14:06,248 INFO o.a.j.s.SampleResult: Note: Sample TimeStamps are START times
2023-04-04 23:14:06,248 INFO o.a.j.s.SampleResult: sampleresult.default.encoding is set to ISO-8859-1
2023-04-04 23:14:06,248 INFO o.a.j.s.SampleResult: sampleresult.useNanoTime=true
2023-04-04 23:14:06,248 INFO o.a.j.s.SampleResult: sampleresult.nanoThreadSleep=5000
2023-04-04 23:14:06,312 INFO o.a.j.v.ViewResultsFullVisualizer: Add JavaFX to your Java installation if you want to use renderer: org.apache.jmeter.visualizers.RenderInBrowser
2023-04-04 23:14:06,373 INFO o.a.j.s.FileServer: Set new base='/Users/hzy/learning/lectures/jmeter/test plans'
2023-04-04 23:14:10,756 INFO o.a.j.e.StandardJMeterEngine: Running the test!
2023-04-04 23:14:10,757 INFO o.a.j.s.SampleEvent: List of sample_variables: []
2023-04-04 23:14:10,757 INFO o.a.j.s.SampleEvent: List of sample_variables: []
2023-04-04 23:14:10,757 INFO o.a.j.e.u.CompoundVariable: Note: Function class names must contain the string: '.functions.'
2023-04-04 23:14:10,758 INFO o.a.j.e.u.CompoundVariable: Note: Function class names must not contain the string: '.gui.'
2023-04-04 23:14:10,775 INFO o.a.j.g.u.JMeterMenuBar: setRunning(true, *local*)
2023-04-04 23:14:10,794 INFO o.a.j.e.StandardJMeterEngine: Starting ThreadGroup: 1 : Thread Group
2023-04-04 23:14:10,794 INFO o.a.j.e.StandardJMeterEngine: Starting 20 threads for group Thread Group.
2023-04-04 23:14:10,794 INFO o.a.j.e.StandardJMeterEngine: Thread will continue on error
2023-04-04 23:14:10,794 INFO o.a.j.t.ThreadGroup: Starting thread group... number=1 threads=20 ramp-up=10 delayedStart=false
2023-04-04 23:14:10,796 INFO o.a.j.t.JMeterThread: Thread started: Thread Group 1-1
2023-04-04 23:14:10,800 INFO o.a.j.t.ThreadGroup: Started thread group number 1
2023-04-04 23:14:10,800 INFO o.a.j.e.StandardJMeterEngine: All thread groups have been started
2023-04-04 23:14:10,803 INFO o.a.j.p.h.s.HTTPHCAbstractImpl: Local host = hzys-MacBook-Pro.local
2023-04-04 23:14:10,807 INFO o.a.j.p.h.s.HTTPHC4Impl: HTTP request retry count = 0
2023-04-04 23:14:11,300 INFO o.a.j.t.JMeterThread: Thread started: Thread Group 1-2
2023-04-04 23:14:11,799 INFO o.a.j.t.JMeterThread: Thread started: Thread Group 1-3
2023-04-04 23:14:12,297 INFO o.a.j.t.JMeterThread: Thread started: Thread Group 1-4
2023-04-04 23:14:12,799 INFO o.a.j.t.JMeterThread: Thread started: Thread Group 1-5
2023-04-04 23:14:13,300 INFO o.a.j.t.JMeterThread: Thread started: Thread Group 1-6
2023-04-04 23:14:13,800 INFO o.a.j.t.JMeterThread: Thread started: Thread Group 1-7
2023-04-04 23:14:14,300 INFO o.a.j.t.JMeterThread: Thread started: Thread Group 1-8
2023-04-04 23:14:14,797 INFO o.a.j.t.JMeterThread: Thread started: Thread Group 1-9
2023-04-04 23:14:15,300 INFO o.a.j.t.JMeterThread: Thread started: Thread Group 1-10
2023-04-04 23:14:15,801 INFO o.a.j.t.JMeterThread: Thread started: Thread Group 1-11
2023-04-04 23:14:16,299 INFO o.a.j.t.JMeterThread: Thread started: Thread Group 1-12
2023-04-04 23:14:16,800 INFO o.a.j.t.JMeterThread: Thread started: Thread Group 1-13
2023-04-04 23:14:17,299 INFO o.a.j.t.JMeterThread: Thread started: Thread Group 1-14
2023-04-04 23:14:17,799 INFO o.a.j.t.JMeterThread: Thread started: Thread Group 1-15
2023-04-04 23:14:18,299 INFO o.a.j.t.JMeterThread: Thread started: Thread Group 1-16
2023-04-04 23:14:18,800 INFO o.a.j.t.JMeterThread: Thread started: Thread Group 1-17
2023-04-04 23:14:19,301 INFO o.a.j.t.JMeterThread: Thread started: Thread Group 1-18
2023-04-04 23:14:19,800 INFO o.a.j.t.JMeterThread: Thread started: Thread Group 1-19
2023-04-04 23:14:20,300 INFO o.a.j.t.JMeterThread: Thread started: Thread Group 1-20
2023-04-04 23:15:17,985 INFO o.a.j.g.a.Start: Shutting test down
2023-04-04 23:15:18,010 INFO o.a.j.t.JMeterThread: Stopping: Thread Group 1-4
2023-04-04 23:15:18,010 INFO o.a.j.t.JMeterThread: Stopping: Thread Group 1-5
2023-04-04 23:15:18,010 INFO o.a.j.t.JMeterThread: Stopping: Thread Group 1-17
2023-04-04 23:15:18,010 INFO o.a.j.t.JMeterThread: Stopping: Thread Group 1-14
2023-04-04 23:15:18,010 INFO o.a.j.t.JMeterThread: Stopping: Thread Group 1-6
2023-04-04 23:15:18,010 INFO o.a.j.t.JMeterThread: Stopping: Thread Group 1-13
2023-04-04 23:15:18,010 INFO o.a.j.t.JMeterThread: Stopping: Thread Group 1-11
2023-04-04 23:15:18,010 INFO o.a.j.t.JMeterThread: Stopping: Thread Group 1-18
2023-04-04 23:15:18,010 INFO o.a.j.t.JMeterThread: Stopping: Thread Group 1-2
2023-04-04 23:15:18,010 INFO o.a.j.t.JMeterThread: Stopping: Thread Group 1-8
2023-04-04 23:15:18,010 INFO o.a.j.t.JMeterThread: Stopping: Thread Group 1-20
2023-04-04 23:15:18,010 INFO o.a.j.t.JMeterThread: Stopping: Thread Group 1-16
2023-04-04 23:15:18,010 INFO o.a.j.t.JMeterThread: Stopping: Thread Group 1-1
2023-04-04 23:15:18,010 INFO o.a.j.t.JMeterThread: Stopping: Thread Group 1-10
2023-04-04 23:15:18,010 INFO o.a.j.t.JMeterThread: Stopping: Thread Group 1-15
2023-04-04 23:15:18,010 INFO o.a.j.t.JMeterThread: Stopping: Thread Group 1-3
2023-04-04 23:15:18,011 INFO o.a.j.t.JMeterThread: Stopping: Thread Group 1-12
2023-04-04 23:15:18,011 INFO o.a.j.t.JMeterThread: Stopping: Thread Group 1-9
2023-04-04 23:15:18,011 INFO o.a.j.t.JMeterThread: Stopping: Thread Group 1-19
2023-04-04 23:15:18,011 INFO o.a.j.t.JMeterThread: Stopping: Thread Group 1-7
2023-04-04 23:15:18,378 INFO o.a.j.t.JMeterThread: Thread finished: Thread Group 1-3
2023-04-04 23:15:18,378 INFO o.a.j.t.JMeterThread: Thread finished: Thread Group 1-16
2023-04-04 23:15:18,380 INFO o.a.j.t.JMeterThread: Thread finished: Thread Group 1-13
2023-04-04 23:15:18,384 INFO o.a.j.t.JMeterThread: Thread finished: Thread Group 1-20
2023-04-04 23:15:18,384 INFO o.a.j.t.JMeterThread: Thread finished: Thread Group 1-5
2023-04-04 23:15:18,384 INFO o.a.j.t.JMeterThread: Thread finished: Thread Group 1-6
2023-04-04 23:15:18,384 INFO o.a.j.t.JMeterThread: Thread finished: Thread Group 1-9
2023-04-04 23:15:18,388 INFO o.a.j.t.JMeterThread: Thread finished: Thread Group 1-4
2023-04-04 23:15:18,398 INFO o.a.j.t.JMeterThread: Thread finished: Thread Group 1-7
2023-04-04 23:15:18,398 INFO o.a.j.t.JMeterThread: Thread finished: Thread Group 1-19
2023-04-04 23:15:18,398 INFO o.a.j.t.JMeterThread: Thread finished: Thread Group 1-2
2023-04-04 23:15:18,399 INFO o.a.j.t.JMeterThread: Thread finished: Thread Group 1-14
2023-04-04 23:15:18,400 INFO o.a.j.t.JMeterThread: Thread finished: Thread Group 1-1
2023-04-04 23:15:18,412 INFO o.a.j.t.JMeterThread: Thread finished: Thread Group 1-15
2023-04-04 23:15:18,413 INFO o.a.j.t.JMeterThread: Thread finished: Thread Group 1-18
2023-04-04 23:15:18,422 INFO o.a.j.t.JMeterThread: Thread finished: Thread Group 1-12
2023-04-04 23:15:18,422 INFO o.a.j.t.JMeterThread: Thread finished: Thread Group 1-17
2023-04-04 23:15:18,423 INFO o.a.j.t.JMeterThread: Thread finished: Thread Group 1-11
2023-04-04 23:15:18,423 INFO o.a.j.t.JMeterThread: Thread finished: Thread Group 1-10
2023-04-04 23:15:18,423 INFO o.a.j.t.JMeterThread: Thread finished: Thread Group 1-8
2023-04-04 23:15:18,423 INFO o.a.j.e.StandardJMeterEngine: Notifying test listeners of end of test
2023-04-04 23:15:18,424 INFO o.a.j.g.u.JMeterMenuBar: setRunning(false, *local*)
2023-04-04 23:15:21,896 INFO o.a.j.e.StandardJMeterEngine: Running the test!
2023-04-04 23:15:21,896 INFO o.a.j.s.SampleEvent: List of sample_variables: []
2023-04-04 23:15:21,897 INFO o.a.j.g.u.JMeterMenuBar: setRunning(true, *local*)
2023-04-04 23:15:21,917 INFO o.a.j.e.StandardJMeterEngine: Starting ThreadGroup: 1 : Thread Group
2023-04-04 23:15:21,917 INFO o.a.j.e.StandardJMeterEngine: Starting 20 threads for group Thread Group.
2023-04-04 23:15:21,918 INFO o.a.j.e.StandardJMeterEngine: Thread will continue on error
2023-04-04 23:15:21,918 INFO o.a.j.t.ThreadGroup: Starting thread group... number=1 threads=20 ramp-up=10 delayedStart=false
2023-04-04 23:15:21,918 INFO o.a.j.t.JMeterThread: Thread started: Thread Group 1-1
2023-04-04 23:15:21,920 INFO o.a.j.t.ThreadGroup: Started thread group number 1
2023-04-04 23:15:21,920 INFO o.a.j.e.StandardJMeterEngine: All thread groups have been started
2023-04-04 23:15:22,423 INFO o.a.j.t.JMeterThread: Thread started: Thread Group 1-2
2023-04-04 23:15:22,924 INFO o.a.j.t.JMeterThread: Thread started: Thread Group 1-3
2023-04-04 23:15:23,423 INFO o.a.j.t.JMeterThread: Thread started: Thread Group 1-4
2023-04-04 23:15:23,924 INFO o.a.j.t.JMeterThread: Thread started: Thread Group 1-5
2023-04-04 23:15:24,423 INFO o.a.j.t.JMeterThread: Thread started: Thread Group 1-6
2023-04-04 23:15:24,923 INFO o.a.j.t.JMeterThread: Thread started: Thread Group 1-7
2023-04-04 23:15:25,423 INFO o.a.j.t.JMeterThread: Thread started: Thread Group 1-8
2023-04-04 23:15:25,923 INFO o.a.j.t.JMeterThread: Thread started: Thread Group 1-9
2023-04-04 23:15:26,423 INFO o.a.j.t.JMeterThread: Thread started: Thread Group 1-10
2023-04-04 23:15:26,923 INFO o.a.j.t.JMeterThread: Thread started: Thread Group 1-11
2023-04-04 23:15:27,424 INFO o.a.j.t.JMeterThread: Thread started: Thread Group 1-12
2023-04-04 23:15:27,924 INFO o.a.j.t.JMeterThread: Thread started: Thread Group 1-13
2023-04-04 23:15:28,424 INFO o.a.j.t.JMeterThread: Thread started: Thread Group 1-14
2023-04-04 23:15:28,923 INFO o.a.j.t.JMeterThread: Thread started: Thread Group 1-15
2023-04-04 23:15:29,421 INFO o.a.j.t.JMeterThread: Thread started: Thread Group 1-16
2023-04-04 23:15:29,922 INFO o.a.j.t.JMeterThread: Thread started: Thread Group 1-17
2023-04-04 23:15:30,421 INFO o.a.j.t.JMeterThread: Thread started: Thread Group 1-18
2023-04-04 23:15:30,920 INFO o.a.j.t.JMeterThread: Thread started: Thread Group 1-19
2023-04-04 23:15:31,422 INFO o.a.j.t.JMeterThread: Thread started: Thread Group 1-20
2023-04-04 23:16:46,484 INFO o.a.j.g.a.Start: Shutting test down
2023-04-04 23:16:46,503 INFO o.a.j.t.JMeterThread: Stopping: Thread Group 1-1
2023-04-04 23:16:46,503 INFO o.a.j.t.JMeterThread: Stopping: Thread Group 1-6
2023-04-04 23:16:46,503 INFO o.a.j.t.JMeterThread: Stopping: Thread Group 1-17
2023-04-04 23:16:46,504 INFO o.a.j.t.JMeterThread: Stopping: Thread Group 1-9
2023-04-04 23:16:46,504 INFO o.a.j.t.JMeterThread: Stopping: Thread Group 1-15
2023-04-04 23:16:46,504 INFO o.a.j.t.JMeterThread: Stopping: Thread Group 1-12
2023-04-04 23:16:46,504 INFO o.a.j.t.JMeterThread: Stopping: Thread Group 1-13
2023-04-04 23:16:46,504 INFO o.a.j.t.JMeterThread: Stopping: Thread Group 1-18
2023-04-04 23:16:46,504 INFO o.a.j.t.JMeterThread: Stopping: Thread Group 1-5
2023-04-04 23:16:46,504 INFO o.a.j.t.JMeterThread: Stopping: Thread Group 1-20
2023-04-04 23:16:46,504 INFO o.a.j.t.JMeterThread: Stopping: Thread Group 1-3
2023-04-04 23:16:46,504 INFO o.a.j.t.JMeterThread: Stopping: Thread Group 1-8
2023-04-04 23:16:46,504 INFO o.a.j.t.JMeterThread: Stopping: Thread Group 1-11
2023-04-04 23:16:46,504 INFO o.a.j.t.JMeterThread: Stopping: Thread Group 1-16
2023-04-04 23:16:46,504 INFO o.a.j.t.JMeterThread: Stopping: Thread Group 1-2
2023-04-04 23:16:46,504 INFO o.a.j.t.JMeterThread: Stopping: Thread Group 1-7
2023-04-04 23:16:46,504 INFO o.a.j.t.JMeterThread: Stopping: Thread Group 1-14
2023-04-04 23:16:46,504 INFO o.a.j.t.JMeterThread: Stopping: Thread Group 1-19
2023-04-04 23:16:46,504 INFO o.a.j.t.JMeterThread: Stopping: Thread Group 1-4
2023-04-04 23:16:46,505 INFO o.a.j.t.JMeterThread: Stopping: Thread Group 1-10
2023-04-04 23:16:46,612 INFO o.a.j.t.JMeterThread: Thread finished: Thread Group 1-20
2023-04-04 23:16:46,613 INFO o.a.j.t.JMeterThread: Thread finished: Thread Group 1-18
2023-04-04 23:16:46,628 INFO o.a.j.t.JMeterThread: Thread finished: Thread Group 1-19
2023-04-04 23:16:46,783 INFO o.a.j.t.JMeterThread: Thread finished: Thread Group 1-6
2023-04-04 23:16:46,785 INFO o.a.j.t.JMeterThread: Thread finished: Thread Group 1-8
2023-04-04 23:16:46,785 INFO o.a.j.t.JMeterThread: Thread finished: Thread Group 1-15
2023-04-04 23:16:46,786 INFO o.a.j.t.JMeterThread: Thread finished: Thread Group 1-17
2023-04-04 23:16:46,786 INFO o.a.j.t.JMeterThread: Thread finished: Thread Group 1-16
2023-04-04 23:16:46,854 INFO o.a.j.t.JMeterThread: Thread finished: Thread Group 1-7
2023-04-04 23:16:46,859 INFO o.a.j.t.JMeterThread: Thread finished: Thread Group 1-5
2023-04-04 23:16:46,859 INFO o.a.j.t.JMeterThread: Thread finished: Thread Group 1-14
2023-04-04 23:16:46,860 INFO o.a.j.t.JMeterThread: Thread finished: Thread Group 1-2
2023-04-04 23:16:46,871 INFO o.a.j.t.JMeterThread: Thread finished: Thread Group 1-3
2023-04-04 23:16:46,872 INFO o.a.j.t.JMeterThread: Thread finished: Thread Group 1-1
2023-04-04 23:16:46,873 INFO o.a.j.t.JMeterThread: Thread finished: Thread Group 1-13
2023-04-04 23:16:46,875 INFO o.a.j.t.JMeterThread: Thread finished: Thread Group 1-12
2023-04-04 23:16:46,878 INFO o.a.j.t.JMeterThread: Thread finished: Thread Group 1-10
2023-04-04 23:16:46,908 INFO o.a.j.t.JMeterThread: Thread finished: Thread Group 1-4
2023-04-04 23:16:46,908 INFO o.a.j.t.JMeterThread: Thread finished: Thread Group 1-9
2023-04-04 23:16:46,908 INFO o.a.j.t.JMeterThread: Thread finished: Thread Group 1-11
2023-04-04 23:16:46,909 INFO o.a.j.e.StandardJMeterEngine: Notifying test listeners of end of test
2023-04-04 23:16:46,909 INFO o.a.j.g.u.JMeterMenuBar: setRunning(false, *local*)
2023-04-04 23:16:51,238 INFO o.a.j.e.StandardJMeterEngine: Running the test!
2023-04-04 23:16:51,239 INFO o.a.j.s.SampleEvent: List of sample_variables: []
2023-04-04 23:16:51,239 INFO o.a.j.g.u.JMeterMenuBar: setRunning(true, *local*)
2023-04-04 23:16:51,268 INFO o.a.j.e.StandardJMeterEngine: Starting ThreadGroup: 1 : Thread Group
2023-04-04 23:16:51,269 INFO o.a.j.e.StandardJMeterEngine: Starting 20 threads for group Thread Group.
2023-04-04 23:16:51,269 INFO o.a.j.e.StandardJMeterEngine: Thread will continue on error
2023-04-04 23:16:51,269 INFO o.a.j.t.ThreadGroup: Starting thread group... number=1 threads=20 ramp-up=10 delayedStart=false
2023-04-04 23:16:51,269 INFO o.a.j.t.JMeterThread: Thread started: Thread Group 1-1
2023-04-04 23:16:51,271 INFO o.a.j.t.ThreadGroup: Started thread group number 1
2023-04-04 23:16:51,271 INFO o.a.j.e.StandardJMeterEngine: All thread groups have been started
2023-04-04 23:16:51,777 INFO o.a.j.t.JMeterThread: Thread started: Thread Group 1-2
2023-04-04 23:16:52,275 INFO o.a.j.t.JMeterThread: Thread started: Thread Group 1-3
2023-04-04 23:16:52,774 INFO o.a.j.t.JMeterThread: Thread started: Thread Group 1-4
2023-04-04 23:16:53,275 INFO o.a.j.t.JMeterThread: Thread started: Thread Group 1-5
2023-04-04 23:16:53,774 INFO o.a.j.t.JMeterThread: Thread started: Thread Group 1-6
2023-04-04 23:16:54,272 INFO o.a.j.t.JMeterThread: Thread started: Thread Group 1-7
2023-04-04 23:16:54,774 INFO o.a.j.t.JMeterThread: Thread started: Thread Group 1-8
2023-04-04 23:16:55,274 INFO o.a.j.t.JMeterThread: Thread started: Thread Group 1-9
2023-04-04 23:16:55,774 INFO o.a.j.t.JMeterThread: Thread started: Thread Group 1-10
2023-04-04 23:16:56,272 INFO o.a.j.t.JMeterThread: Thread started: Thread Group 1-11
2023-04-04 23:16:56,775 INFO o.a.j.t.JMeterThread: Thread started: Thread Group 1-12
2023-04-04 23:16:57,275 INFO o.a.j.t.JMeterThread: Thread started: Thread Group 1-13
2023-04-04 23:16:57,774 INFO o.a.j.t.JMeterThread: Thread started: Thread Group 1-14
2023-04-04 23:16:58,273 INFO o.a.j.t.JMeterThread: Thread started: Thread Group 1-15
2023-04-04 23:16:58,774 INFO o.a.j.t.JMeterThread: Thread started: Thread Group 1-16
2023-04-04 23:16:59,274 INFO o.a.j.t.JMeterThread: Thread started: Thread Group 1-17
2023-04-04 23:16:59,775 INFO o.a.j.t.JMeterThread: Thread started: Thread Group 1-18
2023-04-04 23:17:00,274 INFO o.a.j.t.JMeterThread: Thread started: Thread Group 1-19
2023-04-04 23:17:00,774 INFO o.a.j.t.JMeterThread: Thread started: Thread Group 1-20
2023-04-04 23:17:07,902 INFO o.a.j.g.a.Start: Shutting test down
2023-04-04 23:17:07,922 INFO o.a.j.t.JMeterThread: Stopping: Thread Group 1-3
2023-04-04 23:17:07,922 INFO o.a.j.t.JMeterThread: Stopping: Thread Group 1-7
2023-04-04 23:17:07,922 INFO o.a.j.t.JMeterThread: Stopping: Thread Group 1-13
2023-04-04 23:17:07,922 INFO o.a.j.t.JMeterThread: Stopping: Thread Group 1-18
2023-04-04 23:17:07,922 INFO o.a.j.t.JMeterThread: Stopping: Thread Group 1-20
2023-04-04 23:17:07,922 INFO o.a.j.t.JMeterThread: Stopping: Thread Group 1-1
2023-04-04 23:17:07,923 INFO o.a.j.t.JMeterThread: Stopping: Thread Group 1-14
2023-04-04 23:17:07,923 INFO o.a.j.t.JMeterThread: Stopping: Thread Group 1-16
2023-04-04 23:17:07,923 INFO o.a.j.t.JMeterThread: Stopping: Thread Group 1-4
2023-04-04 23:17:07,923 INFO o.a.j.t.JMeterThread: Stopping: Thread Group 1-11
2023-04-04 23:17:07,923 INFO o.a.j.t.JMeterThread: Stopping: Thread Group 1-19
2023-04-04 23:17:07,923 INFO o.a.j.t.JMeterThread: Stopping: Thread Group 1-2
2023-04-04 23:17:07,923 INFO o.a.j.t.JMeterThread: Stopping: Thread Group 1-10
2023-04-04 23:17:07,923 INFO o.a.j.t.JMeterThread: Stopping: Thread Group 1-9
2023-04-04 23:17:07,923 INFO o.a.j.t.JMeterThread: Stopping: Thread Group 1-5
2023-04-04 23:17:07,923 INFO o.a.j.t.JMeterThread: Stopping: Thread Group 1-12
2023-04-04 23:17:07,923 INFO o.a.j.t.JMeterThread: Stopping: Thread Group 1-15
2023-04-04 23:17:07,923 INFO o.a.j.t.JMeterThread: Stopping: Thread Group 1-6
2023-04-04 23:17:07,923 INFO o.a.j.t.JMeterThread: Stopping: Thread Group 1-8
2023-04-04 23:17:07,923 INFO o.a.j.t.JMeterThread: Stopping: Thread Group 1-17
2023-04-04 23:17:07,925 INFO o.a.j.t.JMeterThread: Thread finished: Thread Group 1-6
2023-04-04 23:17:07,931 INFO o.a.j.t.JMeterThread: Thread finished: Thread Group 1-7
2023-04-04 23:17:07,936 INFO o.a.j.t.JMeterThread: Thread finished: Thread Group 1-5
2023-04-04 23:17:07,938 INFO o.a.j.t.JMeterThread: Thread finished: Thread Group 1-8
2023-04-04 23:17:07,939 INFO o.a.j.t.JMeterThread: Thread finished: Thread Group 1-10
2023-04-04 23:17:07,970 INFO o.a.j.t.JMeterThread: Thread finished: Thread Group 1-2
2023-04-04 23:17:07,970 INFO o.a.j.t.JMeterThread: Thread finished: Thread Group 1-3
2023-04-04 23:17:07,971 INFO o.a.j.t.JMeterThread: Thread finished: Thread Group 1-1
2023-04-04 23:17:07,973 INFO o.a.j.t.JMeterThread: Thread finished: Thread Group 1-4
2023-04-04 23:17:08,399 INFO o.a.j.t.JMeterThread: Thread finished: Thread Group 1-13
2023-04-04 23:17:08,402 INFO o.a.j.t.JMeterThread: Thread finished: Thread Group 1-17
2023-04-04 23:17:08,403 INFO o.a.j.t.JMeterThread: Thread finished: Thread Group 1-18
2023-04-04 23:17:08,404 INFO o.a.j.t.JMeterThread: Thread finished: Thread Group 1-14
2023-04-04 23:17:08,408 INFO o.a.j.t.JMeterThread: Thread finished: Thread Group 1-19
2023-04-04 23:17:08,417 INFO o.a.j.t.JMeterThread: Thread finished: Thread Group 1-16
2023-04-04 23:17:08,418 INFO o.a.j.t.JMeterThread: Thread finished: Thread Group 1-12
2023-04-04 23:17:08,419 INFO o.a.j.t.JMeterThread: Thread finished: Thread Group 1-20
2023-04-04 23:17:08,421 INFO o.a.j.t.JMeterThread: Thread finished: Thread Group 1-15
2023-04-04 23:17:08,421 INFO o.a.j.t.JMeterThread: Thread finished: Thread Group 1-11
2023-04-04 23:17:08,422 INFO o.a.j.t.JMeterThread: Thread finished: Thread Group 1-9
2023-04-04 23:17:08,422 INFO o.a.j.e.StandardJMeterEngine: Notifying test listeners of end of test
2023-04-04 23:17:08,422 INFO o.a.j.g.u.JMeterMenuBar: setRunning(false, *local*)
2023-04-04 23:17:23,603 INFO o.a.j.e.StandardJMeterEngine: Running the test!
2023-04-04 23:17:23,604 INFO o.a.j.s.SampleEvent: List of sample_variables: []
2023-04-04 23:17:23,604 INFO o.a.j.g.u.JMeterMenuBar: setRunning(true, *local*)
2023-04-04 23:17:23,632 INFO o.a.j.e.StandardJMeterEngine: Starting ThreadGroup: 1 : Thread Group
2023-04-04 23:17:23,632 INFO o.a.j.e.StandardJMeterEngine: Starting 20 threads for group Thread Group.
2023-04-04 23:17:23,632 INFO o.a.j.e.StandardJMeterEngine: Thread will continue on error
2023-04-04 23:17:23,632 INFO o.a.j.t.ThreadGroup: Starting thread group... number=1 threads=20 ramp-up=10 delayedStart=false
2023-04-04 23:17:23,632 INFO o.a.j.t.JMeterThread: Thread started: Thread Group 1-1
2023-04-04 23:17:23,635 INFO o.a.j.t.ThreadGroup: Started thread group number 1
2023-04-04 23:17:23,635 INFO o.a.j.e.StandardJMeterEngine: All thread groups have been started
2023-04-04 23:17:24,138 INFO o.a.j.t.JMeterThread: Thread started: Thread Group 1-2
2023-04-04 23:17:24,638 INFO o.a.j.t.JMeterThread: Thread started: Thread Group 1-3
2023-04-04 23:17:25,138 INFO o.a.j.t.JMeterThread: Thread started: Thread Group 1-4
2023-04-04 23:17:25,637 INFO o.a.j.t.JMeterThread: Thread started: Thread Group 1-5
2023-04-04 23:17:26,137 INFO o.a.j.t.JMeterThread: Thread started: Thread Group 1-6
2023-04-04 23:17:26,637 INFO o.a.j.t.JMeterThread: Thread started: Thread Group 1-7
2023-04-04 23:17:27,137 INFO o.a.j.t.JMeterThread: Thread started: Thread Group 1-8
2023-04-04 23:17:27,634 INFO o.a.j.t.JMeterThread: Thread started: Thread Group 1-9
2023-04-04 23:17:28,138 INFO o.a.j.t.JMeterThread: Thread started: Thread Group 1-10
2023-04-04 23:17:28,637 INFO o.a.j.t.JMeterThread: Thread started: Thread Group 1-11
2023-04-04 23:17:29,133 INFO o.a.j.t.JMeterThread: Thread started: Thread Group 1-12
2023-04-04 23:17:29,635 INFO o.a.j.t.JMeterThread: Thread started: Thread Group 1-13
2023-04-04 23:17:30,138 INFO o.a.j.t.JMeterThread: Thread started: Thread Group 1-14
2023-04-04 23:17:30,638 INFO o.a.j.t.JMeterThread: Thread started: Thread Group 1-15
2023-04-04 23:17:31,138 INFO o.a.j.t.JMeterThread: Thread started: Thread Group 1-16
2023-04-04 23:17:31,639 INFO o.a.j.t.JMeterThread: Thread started: Thread Group 1-17
2023-04-04 23:17:32,139 INFO o.a.j.t.JMeterThread: Thread started: Thread Group 1-18
2023-04-04 23:17:32,638 INFO o.a.j.t.JMeterThread: Thread started: Thread Group 1-19
2023-04-04 23:17:33,137 INFO o.a.j.t.JMeterThread: Thread started: Thread Group 1-20
2023-04-04 23:20:05,262 INFO o.a.j.g.a.Start: Shutting test down
2023-04-04 23:20:05,285 INFO o.a.j.t.JMeterThread: Stopping: Thread Group 1-10
2023-04-04 23:20:05,286 INFO o.a.j.t.JMeterThread: Stopping: Thread Group 1-19
2023-04-04 23:20:05,286 INFO o.a.j.t.JMeterThread: Stopping: Thread Group 1-7
2023-04-04 23:20:05,286 INFO o.a.j.t.JMeterThread: Stopping: Thread Group 1-20
2023-04-04 23:20:05,286 INFO o.a.j.t.JMeterThread: Stopping: Thread Group 1-17
2023-04-04 23:20:05,286 INFO o.a.j.t.JMeterThread: Stopping: Thread Group 1-15
2023-04-04 23:20:05,286 INFO o.a.j.t.JMeterThread: Stopping: Thread Group 1-6
2023-04-04 23:20:05,286 INFO o.a.j.t.JMeterThread: Stopping: Thread Group 1-12
2023-04-04 23:20:05,286 INFO o.a.j.t.JMeterThread: Stopping: Thread Group 1-13
2023-04-04 23:20:05,286 INFO o.a.j.t.JMeterThread: Stopping: Thread Group 1-9
2023-04-04 23:20:05,286 INFO o.a.j.t.JMeterThread: Stopping: Thread Group 1-4
2023-04-04 23:20:05,286 INFO o.a.j.t.JMeterThread: Stopping: Thread Group 1-5
2023-04-04 23:20:05,286 INFO o.a.j.t.JMeterThread: Stopping: Thread Group 1-8
2023-04-04 23:20:05,286 INFO o.a.j.t.JMeterThread: Stopping: Thread Group 1-14
2023-04-04 23:20:05,286 INFO o.a.j.t.JMeterThread: Stopping: Thread Group 1-3
2023-04-04 23:20:05,286 INFO o.a.j.t.JMeterThread: Stopping: Thread Group 1-2
2023-04-04 23:20:05,286 INFO o.a.j.t.JMeterThread: Stopping: Thread Group 1-11
2023-04-04 23:20:05,286 INFO o.a.j.t.JMeterThread: Stopping: Thread Group 1-16
2023-04-04 23:20:05,286 INFO o.a.j.t.JMeterThread: Stopping: Thread Group 1-18
2023-04-04 23:20:05,286 INFO o.a.j.t.JMeterThread: Stopping: Thread Group 1-1
2023-04-04 23:20:05,466 INFO o.a.j.t.JMeterThread: Thread finished: Thread Group 1-8
2023-04-04 23:20:05,504 INFO o.a.j.t.JMeterThread: Thread finished: Thread Group 1-6
2023-04-04 23:20:05,504 INFO o.a.j.t.JMeterThread: Thread finished: Thread Group 1-1
2023-04-04 23:20:05,505 INFO o.a.j.t.JMeterThread: Thread finished: Thread Group 1-9
2023-04-04 23:20:05,505 INFO o.a.j.t.JMeterThread: Thread finished: Thread Group 1-17
2023-04-04 23:20:05,505 INFO o.a.j.t.JMeterThread: Thread finished: Thread Group 1-7
2023-04-04 23:20:05,505 INFO o.a.j.t.JMeterThread: Thread finished: Thread Group 1-19
2023-04-04 23:20:05,506 INFO o.a.j.t.JMeterThread: Thread finished: Thread Group 1-14
2023-04-04 23:20:05,506 INFO o.a.j.t.JMeterThread: Thread finished: Thread Group 1-15
2023-04-04 23:20:05,507 INFO o.a.j.t.JMeterThread: Thread finished: Thread Group 1-11
2023-04-04 23:20:05,507 INFO o.a.j.t.JMeterThread: Thread finished: Thread Group 1-20
2023-04-04 23:20:05,508 INFO o.a.j.t.JMeterThread: Thread finished: Thread Group 1-18
2023-04-04 23:20:05,529 INFO o.a.j.t.JMeterThread: Thread finished: Thread Group 1-16
2023-04-04 23:20:05,530 INFO o.a.j.t.JMeterThread: Thread finished: Thread Group 1-12
2023-04-04 23:20:05,530 INFO o.a.j.t.JMeterThread: Thread finished: Thread Group 1-13
2023-04-04 23:20:05,530 INFO o.a.j.t.JMeterThread: Thread finished: Thread Group 1-5
2023-04-04 23:20:05,530 INFO o.a.j.t.JMeterThread: Thread finished: Thread Group 1-2
2023-04-04 23:20:05,531 INFO o.a.j.t.JMeterThread: Thread finished: Thread Group 1-10
2023-04-04 23:20:05,531 INFO o.a.j.t.JMeterThread: Thread finished: Thread Group 1-4
2023-04-04 23:20:05,531 INFO o.a.j.t.JMeterThread: Thread finished: Thread Group 1-3
2023-04-04 23:20:05,532 INFO o.a.j.e.StandardJMeterEngine: Notifying test listeners of end of test
2023-04-04 23:20:05,532 INFO o.a.j.g.u.JMeterMenuBar: setRunning(false, *local*)
2023-04-04 23:20:08,079 INFO o.a.j.e.StandardJMeterEngine: Running the test!
2023-04-04 23:20:08,079 INFO o.a.j.s.SampleEvent: List of sample_variables: []
2023-04-04 23:20:08,080 INFO o.a.j.g.u.JMeterMenuBar: setRunning(true, *local*)
2023-04-04 23:20:08,108 INFO o.a.j.e.StandardJMeterEngine: Starting ThreadGroup: 1 : Thread Group
2023-04-04 23:20:08,109 INFO o.a.j.e.StandardJMeterEngine: Starting 20 threads for group Thread Group.
2023-04-04 23:20:08,109 INFO o.a.j.e.StandardJMeterEngine: Thread will continue on error
2023-04-04 23:20:08,109 INFO o.a.j.t.ThreadGroup: Starting thread group... number=1 threads=20 ramp-up=10 delayedStart=false
2023-04-04 23:20:08,109 INFO o.a.j.t.JMeterThread: Thread started: Thread Group 1-1
2023-04-04 23:20:08,111 INFO o.a.j.t.ThreadGroup: Started thread group number 1
2023-04-04 23:20:08,111 INFO o.a.j.e.StandardJMeterEngine: All thread groups have been started
2023-04-04 23:20:08,610 INFO o.a.j.t.JMeterThread: Thread started: Thread Group 1-2
2023-04-04 23:20:09,115 INFO o.a.j.t.JMeterThread: Thread started: Thread Group 1-3
2023-04-04 23:20:09,611 INFO o.a.j.t.JMeterThread: Thread started: Thread Group 1-4
2023-04-04 23:20:10,114 INFO o.a.j.t.JMeterThread: Thread started: Thread Group 1-5
2023-04-04 23:20:10,614 INFO o.a.j.t.JMeterThread: Thread started: Thread Group 1-6
2023-04-04 23:20:11,114 INFO o.a.j.t.JMeterThread: Thread started: Thread Group 1-7
2023-04-04 23:20:11,614 INFO o.a.j.t.JMeterThread: Thread started: Thread Group 1-8
2023-04-04 23:20:12,110 INFO o.a.j.t.JMeterThread: Thread started: Thread Group 1-9
2023-04-04 23:20:12,614 INFO o.a.j.t.JMeterThread: Thread started: Thread Group 1-10
2023-04-04 23:20:13,115 INFO o.a.j.t.JMeterThread: Thread started: Thread Group 1-11
2023-04-04 23:20:13,616 INFO o.a.j.t.JMeterThread: Thread started: Thread Group 1-12
2023-04-04 23:20:14,114 INFO o.a.j.t.JMeterThread: Thread started: Thread Group 1-13
2023-04-04 23:20:14,615 INFO o.a.j.t.JMeterThread: Thread started: Thread Group 1-14
2023-04-04 23:20:15,115 INFO o.a.j.t.JMeterThread: Thread started: Thread Group 1-15
2023-04-04 23:20:15,611 INFO o.a.j.t.JMeterThread: Thread started: Thread Group 1-16
2023-04-04 23:20:16,111 INFO o.a.j.t.JMeterThread: Thread started: Thread Group 1-17
2023-04-04 23:20:16,611 INFO o.a.j.t.JMeterThread: Thread started: Thread Group 1-18
2023-04-04 23:20:17,115 INFO o.a.j.t.JMeterThread: Thread started: Thread Group 1-19
2023-04-04 23:20:17,305 INFO o.a.j.g.a.Start: Shutting test down
2023-04-04 23:20:17,326 INFO o.a.j.t.JMeterThread: Stopping: Thread Group 1-14
2023-04-04 23:20:17,326 INFO o.a.j.t.JMeterThread: Stopping: Thread Group 1-12
2023-04-04 23:20:17,326 INFO o.a.j.t.JMeterThread: Stopping: Thread Group 1-4
2023-04-04 23:20:17,327 INFO o.a.j.t.JMeterThread: Stopping: Thread Group 1-8
2023-04-04 23:20:17,327 INFO o.a.j.t.JMeterThread: Stopping: Thread Group 1-15
2023-04-04 23:20:17,327 INFO o.a.j.t.JMeterThread: Stopping: Thread Group 1-9
2023-04-04 23:20:17,327 INFO o.a.j.t.JMeterThread: Stopping: Thread Group 1-11
2023-04-04 23:20:17,327 INFO o.a.j.t.JMeterThread: Stopping: Thread Group 1-16
2023-04-04 23:20:17,327 INFO o.a.j.t.JMeterThread: Stopping: Thread Group 1-2
2023-04-04 23:20:17,327 INFO o.a.j.t.JMeterThread: Stopping: Thread Group 1-3
2023-04-04 23:20:17,327 INFO o.a.j.t.JMeterThread: Stopping: Thread Group 1-18
2023-04-04 23:20:17,327 INFO o.a.j.t.JMeterThread: Stopping: Thread Group 1-5
2023-04-04 23:20:17,327 INFO o.a.j.t.JMeterThread: Stopping: Thread Group 1-6
2023-04-04 23:20:17,327 INFO o.a.j.t.JMeterThread: Stopping: Thread Group 1-19
2023-04-04 23:20:17,327 INFO o.a.j.t.JMeterThread: Stopping: Thread Group 1-13
2023-04-04 23:20:17,327 INFO o.a.j.t.JMeterThread: Stopping: Thread Group 1-17
2023-04-04 23:20:17,327 INFO o.a.j.t.JMeterThread: Stopping: Thread Group 1-7
2023-04-04 23:20:17,327 INFO o.a.j.t.JMeterThread: Stopping: Thread Group 1-10
2023-04-04 23:20:17,327 INFO o.a.j.t.JMeterThread: Stopping: Thread Group 1-1
2023-04-04 23:20:17,327 INFO o.a.j.t.JMeterThread: Stopping: Thread Group 1-20
2023-04-04 23:20:17,614 INFO o.a.j.t.JMeterThread: Thread started: Thread Group 1-20
2023-04-04 23:20:17,615 INFO o.a.j.t.JMeterThread: Thread finished: Thread Group 1-20
2023-04-04 23:20:17,626 INFO o.a.j.t.JMeterThread: Thread finished: Thread Group 1-19
2023-04-04 23:20:17,635 INFO o.a.j.t.JMeterThread: Thread finished: Thread Group 1-18
2023-04-04 23:20:17,635 INFO o.a.j.t.JMeterThread: Thread finished: Thread Group 1-17
2023-04-04 23:20:17,643 INFO o.a.j.t.JMeterThread: Thread finished: Thread Group 1-16
2023-04-04 23:20:17,648 INFO o.a.j.t.JMeterThread: Thread finished: Thread Group 1-15
2023-04-04 23:20:17,666 INFO o.a.j.t.JMeterThread: Thread finished: Thread Group 1-14
2023-04-04 23:20:17,669 INFO o.a.j.t.JMeterThread: Thread finished: Thread Group 1-13
2023-04-04 23:20:17,669 INFO o.a.j.t.JMeterThread: Thread finished: Thread Group 1-12
2023-04-04 23:20:17,683 INFO o.a.j.t.JMeterThread: Thread finished: Thread Group 1-11
2023-04-04 23:20:17,683 INFO o.a.j.t.JMeterThread: Thread finished: Thread Group 1-10
2023-04-04 23:20:17,684 INFO o.a.j.t.JMeterThread: Thread finished: Thread Group 1-9
2023-04-04 23:20:17,688 INFO o.a.j.t.JMeterThread: Thread finished: Thread Group 1-8
2023-04-04 23:20:17,730 INFO o.a.j.t.JMeterThread: Thread finished: Thread Group 1-5
2023-04-04 23:20:17,730 INFO o.a.j.t.JMeterThread: Thread finished: Thread Group 1-4
2023-04-04 23:20:17,736 INFO o.a.j.t.JMeterThread: Thread finished: Thread Group 1-7
2023-04-04 23:20:17,738 INFO o.a.j.t.JMeterThread: Thread finished: Thread Group 1-1
2023-04-04 23:20:17,738 INFO o.a.j.t.JMeterThread: Thread finished: Thread Group 1-2
2023-04-04 23:20:17,738 INFO o.a.j.t.JMeterThread: Thread finished: Thread Group 1-6
2023-04-04 23:20:17,738 INFO o.a.j.t.JMeterThread: Thread finished: Thread Group 1-3
2023-04-04 23:20:17,739 INFO o.a.j.e.StandardJMeterEngine: Notifying test listeners of end of test
2023-04-04 23:20:17,739 INFO o.a.j.g.u.JMeterMenuBar: setRunning(false, *local*)
2023-04-04 23:20:22,180 INFO o.a.j.e.StandardJMeterEngine: Running the test!
2023-04-04 23:20:22,180 INFO o.a.j.s.SampleEvent: List of sample_variables: []
2023-04-04 23:20:22,181 INFO o.a.j.g.u.JMeterMenuBar: setRunning(true, *local*)
2023-04-04 23:20:22,211 INFO o.a.j.e.StandardJMeterEngine: Starting ThreadGroup: 1 : Thread Group
2023-04-04 23:20:22,211 INFO o.a.j.e.StandardJMeterEngine: Starting 20 threads for group Thread Group.
2023-04-04 23:20:22,211 INFO o.a.j.e.StandardJMeterEngine: Thread will continue on error
2023-04-04 23:20:22,211 INFO o.a.j.t.ThreadGroup: Starting thread group... number=1 threads=20 ramp-up=10 delayedStart=false
2023-04-04 23:20:22,211 INFO o.a.j.t.JMeterThread: Thread started: Thread Group 1-1
2023-04-04 23:20:22,213 INFO o.a.j.t.ThreadGroup: Started thread group number 1
2023-04-04 23:20:22,213 INFO o.a.j.e.StandardJMeterEngine: All thread groups have been started
2023-04-04 23:20:22,717 INFO o.a.j.t.JMeterThread: Thread started: Thread Group 1-2
2023-04-04 23:20:23,217 INFO o.a.j.t.JMeterThread: Thread started: Thread Group 1-3
2023-04-04 23:20:23,714 INFO o.a.j.t.JMeterThread: Thread started: Thread Group 1-4
2023-04-04 23:20:24,215 INFO o.a.j.t.JMeterThread: Thread started: Thread Group 1-5
2023-04-04 23:20:24,716 INFO o.a.j.t.JMeterThread: Thread started: Thread Group 1-6
2023-04-04 23:20:25,212 INFO o.a.j.t.JMeterThread: Thread started: Thread Group 1-7
2023-04-04 23:20:25,716 INFO o.a.j.t.JMeterThread: Thread started: Thread Group 1-8
2023-04-04 23:20:26,216 INFO o.a.j.t.JMeterThread: Thread started: Thread Group 1-9
2023-04-04 23:20:26,713 INFO o.a.j.t.JMeterThread: Thread started: Thread Group 1-10
2023-04-04 23:20:27,216 INFO o.a.j.t.JMeterThread: Thread started: Thread Group 1-11
2023-04-04 23:20:27,717 INFO o.a.j.t.JMeterThread: Thread started: Thread Group 1-12
2023-04-04 23:20:28,217 INFO o.a.j.t.JMeterThread: Thread started: Thread Group 1-13
2023-04-04 23:20:28,714 INFO o.a.j.t.JMeterThread: Thread started: Thread Group 1-14
2023-04-04 23:20:29,215 INFO o.a.j.t.JMeterThread: Thread started: Thread Group 1-15
2023-04-04 23:20:29,714 INFO o.a.j.t.JMeterThread: Thread started: Thread Group 1-16
2023-04-04 23:20:30,217 INFO o.a.j.t.JMeterThread: Thread started: Thread Group 1-17
2023-04-04 23:20:30,717 INFO o.a.j.t.JMeterThread: Thread started: Thread Group 1-18
2023-04-04 23:20:31,214 INFO o.a.j.t.JMeterThread: Thread started: Thread Group 1-19
2023-04-04 23:20:31,717 INFO o.a.j.t.JMeterThread: Thread started: Thread Group 1-20
2023-04-04 23:23:07,189 INFO o.a.j.g.a.Start: Shutting test down
2023-04-04 23:23:07,209 INFO o.a.j.t.JMeterThread: Stopping: Thread Group 1-8
2023-04-04 23:23:07,209 INFO o.a.j.t.JMeterThread: Stopping: Thread Group 1-5
2023-04-04 23:23:07,209 INFO o.a.j.t.JMeterThread: Stopping: Thread Group 1-7
2023-04-04 23:23:07,209 INFO o.a.j.t.JMeterThread: Stopping: Thread Group 1-19
2023-04-04 23:23:07,209 INFO o.a.j.t.JMeterThread: Stopping: Thread Group 1-11
2023-04-04 23:23:07,209 INFO o.a.j.t.JMeterThread: Stopping: Thread Group 1-4
2023-04-04 23:23:07,209 INFO o.a.j.t.JMeterThread: Stopping: Thread Group 1-9
2023-04-04 23:23:07,209 INFO o.a.j.t.JMeterThread: Stopping: Thread Group 1-15
2023-04-04 23:23:07,209 INFO o.a.j.t.JMeterThread: Stopping: Thread Group 1-16
2023-04-04 23:23:07,209 INFO o.a.j.t.JMeterThread: Stopping: Thread Group 1-2
2023-04-04 23:23:07,209 INFO o.a.j.t.JMeterThread: Stopping: Thread Group 1-13
2023-04-04 23:23:07,209 INFO o.a.j.t.JMeterThread: Stopping: Thread Group 1-20
2023-04-04 23:23:07,209 INFO o.a.j.t.JMeterThread: Stopping: Thread Group 1-14
2023-04-04 23:23:07,209 INFO o.a.j.t.JMeterThread: Stopping: Thread Group 1-1
2023-04-04 23:23:07,209 INFO o.a.j.t.JMeterThread: Stopping: Thread Group 1-3
2023-04-04 23:23:07,209 INFO o.a.j.t.JMeterThread: Stopping: Thread Group 1-6
2023-04-04 23:23:07,209 INFO o.a.j.t.JMeterThread: Stopping: Thread Group 1-12
2023-04-04 23:23:07,209 INFO o.a.j.t.JMeterThread: Stopping: Thread Group 1-10
2023-04-04 23:23:07,209 INFO o.a.j.t.JMeterThread: Stopping: Thread Group 1-18
2023-04-04 23:23:07,210 INFO o.a.j.t.JMeterThread: Stopping: Thread Group 1-17
2023-04-04 23:23:07,321 INFO o.a.j.t.JMeterThread: Thread finished: Thread Group 1-10
2023-04-04 23:23:07,321 INFO o.a.j.t.JMeterThread: Thread finished: Thread Group 1-15
2023-04-04 23:23:07,325 INFO o.a.j.t.JMeterThread: Thread finished: Thread Group 1-12
2023-04-04 23:23:07,332 INFO o.a.j.t.JMeterThread: Thread finished: Thread Group 1-6
2023-04-04 23:23:07,335 INFO o.a.j.t.JMeterThread: Thread finished: Thread Group 1-16
2023-04-04 23:23:07,335 INFO o.a.j.t.JMeterThread: Thread finished: Thread Group 1-4
2023-04-04 23:23:07,341 INFO o.a.j.t.JMeterThread: Thread finished: Thread Group 1-1
2023-04-04 23:23:07,344 INFO o.a.j.t.JMeterThread: Thread finished: Thread Group 1-17
2023-04-04 23:23:07,344 INFO o.a.j.t.JMeterThread: Thread finished: Thread Group 1-8
2023-04-04 23:23:07,345 INFO o.a.j.t.JMeterThread: Thread finished: Thread Group 1-13
2023-04-04 23:23:07,347 INFO o.a.j.t.JMeterThread: Thread finished: Thread Group 1-20
2023-04-04 23:23:07,348 INFO o.a.j.t.JMeterThread: Thread finished: Thread Group 1-3
2023-04-04 23:23:07,349 INFO o.a.j.t.JMeterThread: Thread finished: Thread Group 1-7
2023-04-04 23:23:07,349 INFO o.a.j.t.JMeterThread: Thread finished: Thread Group 1-2
2023-04-04 23:23:07,350 INFO o.a.j.t.JMeterThread: Thread finished: Thread Group 1-9
2023-04-04 23:23:07,351 INFO o.a.j.t.JMeterThread: Thread finished: Thread Group 1-5
2023-04-04 23:23:07,352 INFO o.a.j.t.JMeterThread: Thread finished: Thread Group 1-18
2023-04-04 23:23:07,353 INFO o.a.j.t.JMeterThread: Thread finished: Thread Group 1-19
2023-04-04 23:23:07,354 INFO o.a.j.t.JMeterThread: Thread finished: Thread Group 1-14
2023-04-04 23:23:07,354 INFO o.a.j.t.JMeterThread: Thread finished: Thread Group 1-11
2023-04-04 23:23:07,354 INFO o.a.j.e.StandardJMeterEngine: Notifying test listeners of end of test
2023-04-04 23:23:07,354 INFO o.a.j.g.u.JMeterMenuBar: setRunning(false, *local*)
2023-04-04 23:53:19,575 INFO o.a.j.e.StandardJMeterEngine: Running the test!
2023-04-04 23:53:19,576 INFO o.a.j.s.SampleEvent: List of sample_variables: []
2023-04-04 23:53:19,577 INFO o.a.j.g.u.JMeterMenuBar: setRunning(true, *local*)
2023-04-04 23:53:19,608 INFO o.a.j.e.StandardJMeterEngine: Starting ThreadGroup: 1 : Thread Group
2023-04-04 23:53:19,608 INFO o.a.j.e.StandardJMeterEngine: Starting 20 threads for group Thread Group.
2023-04-04 23:53:19,608 INFO o.a.j.e.StandardJMeterEngine: Thread will continue on error
2023-04-04 23:53:19,608 INFO o.a.j.t.ThreadGroup: Starting thread group... number=1 threads=20 ramp-up=10 delayedStart=false
2023-04-04 23:53:19,608 INFO o.a.j.t.JMeterThread: Thread started: Thread Group 1-1
2023-04-04 23:53:19,610 INFO o.a.j.t.ThreadGroup: Started thread group number 1
2023-04-04 23:53:19,610 INFO o.a.j.e.StandardJMeterEngine: All thread groups have been started
2023-04-04 23:53:20,114 INFO o.a.j.t.JMeterThread: Thread started: Thread Group 1-2
2023-04-04 23:53:20,610 INFO o.a.j.t.JMeterThread: Thread started: Thread Group 1-3
2023-04-04 23:53:21,114 INFO o.a.j.t.JMeterThread: Thread started: Thread Group 1-4
2023-04-04 23:53:21,614 INFO o.a.j.t.JMeterThread: Thread started: Thread Group 1-5
2023-04-04 23:53:22,113 INFO o.a.j.t.JMeterThread: Thread started: Thread Group 1-6
2023-04-04 23:53:22,613 INFO o.a.j.t.JMeterThread: Thread started: Thread Group 1-7
2023-04-04 23:53:23,113 INFO o.a.j.t.JMeterThread: Thread started: Thread Group 1-8
2023-04-04 23:53:23,611 INFO o.a.j.t.JMeterThread: Thread started: Thread Group 1-9
2023-04-04 23:53:24,111 INFO o.a.j.t.JMeterThread: Thread started: Thread Group 1-10
2023-04-04 23:53:24,610 INFO o.a.j.t.JMeterThread: Thread started: Thread Group 1-11
2023-04-04 23:53:25,113 INFO o.a.j.t.JMeterThread: Thread started: Thread Group 1-12
2023-04-04 23:53:25,326 INFO o.a.j.g.a.Start: Shutting test down
2023-04-04 23:53:25,348 INFO o.a.j.t.JMeterThread: Stopping: Thread Group 1-17
2023-04-04 23:53:25,348 INFO o.a.j.t.JMeterThread: Stopping: Thread Group 1-9
2023-04-04 23:53:25,348 INFO o.a.j.t.JMeterThread: Stopping: Thread Group 1-12
2023-04-04 23:53:25,348 INFO o.a.j.t.JMeterThread: Stopping: Thread Group 1-14
2023-04-04 23:53:25,348 INFO o.a.j.t.JMeterThread: Stopping: Thread Group 1-6
2023-04-04 23:53:25,348 INFO o.a.j.t.JMeterThread: Stopping: Thread Group 1-7
2023-04-04 23:53:25,348 INFO o.a.j.t.JMeterThread: Stopping: Thread Group 1-16
2023-04-04 23:53:25,348 INFO o.a.j.t.JMeterThread: Stopping: Thread Group 1-13
2023-04-04 23:53:25,348 INFO o.a.j.t.JMeterThread: Stopping: Thread Group 1-10
2023-04-04 23:53:25,348 INFO o.a.j.t.JMeterThread: Stopping: Thread Group 1-2
2023-04-04 23:53:25,348 INFO o.a.j.t.JMeterThread: Stopping: Thread Group 1-5
2023-04-04 23:53:25,348 INFO o.a.j.t.JMeterThread: Stopping: Thread Group 1-18
2023-04-04 23:53:25,348 INFO o.a.j.t.JMeterThread: Stopping: Thread Group 1-19
2023-04-04 23:53:25,348 INFO o.a.j.t.JMeterThread: Stopping: Thread Group 1-20
2023-04-04 23:53:25,348 INFO o.a.j.t.JMeterThread: Stopping: Thread Group 1-4
2023-04-04 23:53:25,348 INFO o.a.j.t.JMeterThread: Stopping: Thread Group 1-15
2023-04-04 23:53:25,348 INFO o.a.j.t.JMeterThread: Stopping: Thread Group 1-8
2023-04-04 23:53:25,349 INFO o.a.j.t.JMeterThread: Stopping: Thread Group 1-1
2023-04-04 23:53:25,349 INFO o.a.j.t.JMeterThread: Stopping: Thread Group 1-3
2023-04-04 23:53:25,349 INFO o.a.j.t.JMeterThread: Stopping: Thread Group 1-11
2023-04-04 23:53:25,615 INFO o.a.j.t.JMeterThread: Thread started: Thread Group 1-13
2023-04-04 23:53:25,615 INFO o.a.j.t.JMeterThread: Thread finished: Thread Group 1-13
2023-04-04 23:53:25,625 INFO o.a.j.t.JMeterThread: Thread finished: Thread Group 1-11
2023-04-04 23:53:25,625 INFO o.a.j.t.JMeterThread: Thread finished: Thread Group 1-12
2023-04-04 23:53:25,631 INFO o.a.j.t.JMeterThread: Thread started: Thread Group 1-16
2023-04-04 23:53:25,631 INFO o.a.j.t.JMeterThread: Thread started: Thread Group 1-15
2023-04-04 23:53:25,631 INFO o.a.j.t.JMeterThread: Thread started: Thread Group 1-18
2023-04-04 23:53:25,631 INFO o.a.j.t.JMeterThread: Thread finished: Thread Group 1-16
2023-04-04 23:53:25,631 INFO o.a.j.t.JMeterThread: Thread finished: Thread Group 1-18
2023-04-04 23:53:25,631 INFO o.a.j.t.JMeterThread: Thread started: Thread Group 1-17
2023-04-04 23:53:25,632 INFO o.a.j.t.JMeterThread: Thread finished: Thread Group 1-17
2023-04-04 23:53:25,631 INFO o.a.j.t.JMeterThread: Thread finished: Thread Group 1-15
2023-04-04 23:53:25,635 INFO o.a.j.t.JMeterThread: Thread started: Thread Group 1-14
2023-04-04 23:53:25,635 INFO o.a.j.t.JMeterThread: Thread started: Thread Group 1-19
2023-04-04 23:53:25,635 INFO o.a.j.t.JMeterThread: Thread finished: Thread Group 1-14
2023-04-04 23:53:25,635 INFO o.a.j.t.JMeterThread: Thread finished: Thread Group 1-19
2023-04-04 23:53:25,635 INFO o.a.j.t.JMeterThread: Thread finished: Thread Group 1-10
2023-04-04 23:53:25,636 INFO o.a.j.t.JMeterThread: Thread started: Thread Group 1-20
2023-04-04 23:53:25,636 INFO o.a.j.t.JMeterThread: Thread finished: Thread Group 1-20
2023-04-04 23:53:25,638 INFO o.a.j.t.JMeterThread: Thread finished: Thread Group 1-9
2023-04-04 23:53:25,652 INFO o.a.j.t.JMeterThread: Thread finished: Thread Group 1-8
2023-04-04 23:53:25,657 INFO o.a.j.t.JMeterThread: Thread finished: Thread Group 1-5
2023-04-04 23:53:25,657 INFO o.a.j.t.JMeterThread: Thread finished: Thread Group 1-6
2023-04-04 23:53:25,658 INFO o.a.j.t.JMeterThread: Thread finished: Thread Group 1-7
2023-04-04 23:53:25,666 INFO o.a.j.t.JMeterThread: Thread finished: Thread Group 1-3
2023-04-04 23:53:25,667 INFO o.a.j.t.JMeterThread: Thread finished: Thread Group 1-4
2023-04-04 23:53:25,675 INFO o.a.j.t.JMeterThread: Thread finished: Thread Group 1-2
2023-04-04 23:53:25,701 INFO o.a.j.t.JMeterThread: Thread finished: Thread Group 1-1
2023-04-04 23:53:25,701 INFO o.a.j.e.StandardJMeterEngine: Notifying test listeners of end of test
2023-04-04 23:53:25,701 INFO o.a.j.g.u.JMeterMenuBar: setRunning(false, *local*)
2023-04-04 23:53:40,792 INFO o.a.j.e.StandardJMeterEngine: Running the test!
2023-04-04 23:53:40,793 INFO o.a.j.s.SampleEvent: List of sample_variables: []
2023-04-04 23:53:40,794 INFO o.a.j.g.u.JMeterMenuBar: setRunning(true, *local*)
2023-04-04 23:53:40,826 INFO o.a.j.e.StandardJMeterEngine: Starting ThreadGroup: 1 : Thread Group
2023-04-04 23:53:40,826 INFO o.a.j.e.StandardJMeterEngine: Starting 20 threads for group Thread Group.
2023-04-04 23:53:40,826 INFO o.a.j.e.StandardJMeterEngine: Thread will continue on error
2023-04-04 23:53:40,826 INFO o.a.j.t.ThreadGroup: Starting thread group... number=1 threads=20 ramp-up=10 delayedStart=false
2023-04-04 23:53:40,827 INFO o.a.j.t.JMeterThread: Thread started: Thread Group 1-1
2023-04-04 23:53:40,829 INFO o.a.j.t.ThreadGroup: Started thread group number 1
2023-04-04 23:53:40,829 INFO o.a.j.e.StandardJMeterEngine: All thread groups have been started
2023-04-04 23:53:41,334 INFO o.a.j.t.JMeterThread: Thread started: Thread Group 1-2
2023-04-04 23:53:41,831 INFO o.a.j.t.JMeterThread: Thread started: Thread Group 1-3
2023-04-04 23:53:42,329 INFO o.a.j.t.JMeterThread: Thread started: Thread Group 1-4
2023-04-04 23:53:42,827 INFO o.a.j.t.JMeterThread: Thread started: Thread Group 1-5
2023-04-04 23:53:43,332 INFO o.a.j.t.JMeterThread: Thread started: Thread Group 1-6
2023-04-04 23:53:43,831 INFO o.a.j.t.JMeterThread: Thread started: Thread Group 1-7
2023-04-04 23:53:44,332 INFO o.a.j.t.JMeterThread: Thread started: Thread Group 1-8
2023-04-04 23:53:44,832 INFO o.a.j.t.JMeterThread: Thread started: Thread Group 1-9
2023-04-04 23:53:45,331 INFO o.a.j.t.JMeterThread: Thread started: Thread Group 1-10
2023-04-04 23:53:45,831 INFO o.a.j.t.JMeterThread: Thread started: Thread Group 1-11
2023-04-04 23:53:46,331 INFO o.a.j.t.JMeterThread: Thread started: Thread Group 1-12
2023-04-04 23:53:46,831 INFO o.a.j.t.JMeterThread: Thread started: Thread Group 1-13
2023-04-04 23:53:47,332 INFO o.a.j.t.JMeterThread: Thread started: Thread Group 1-14
2023-04-04 23:53:47,832 INFO o.a.j.t.JMeterThread: Thread started: Thread Group 1-15
2023-04-04 23:53:48,331 INFO o.a.j.t.JMeterThread: Thread started: Thread Group 1-16
2023-04-04 23:53:48,831 INFO o.a.j.t.JMeterThread: Thread started: Thread Group 1-17
2023-04-04 23:53:49,329 INFO o.a.j.t.JMeterThread: Thread started: Thread Group 1-18
2023-04-04 23:53:49,833 INFO o.a.j.t.JMeterThread: Thread started: Thread Group 1-19
2023-04-04 23:53:50,333 INFO o.a.j.t.JMeterThread: Thread started: Thread Group 1-20
2023-04-04 23:53:53,406 INFO o.a.j.g.a.Start: Shutting test down
2023-04-04 23:53:53,423 INFO o.a.j.t.JMeterThread: Stopping: Thread Group 1-18
2023-04-04 23:53:53,424 INFO o.a.j.t.JMeterThread: Stopping: Thread Group 1-5
2023-04-04 23:53:53,424 INFO o.a.j.t.JMeterThread: Stopping: Thread Group 1-20
2023-04-04 23:53:53,424 INFO o.a.j.t.JMeterThread: Stopping: Thread Group 1-9
2023-04-04 23:53:53,424 INFO o.a.j.t.JMeterThread: Stopping: Thread Group 1-6
2023-04-04 23:53:53,424 INFO o.a.j.t.JMeterThread: Stopping: Thread Group 1-7
2023-04-04 23:53:53,424 INFO o.a.j.t.JMeterThread: Stopping: Thread Group 1-12
2023-04-04 23:53:53,424 INFO o.a.j.t.JMeterThread: Stopping: Thread Group 1-8
2023-04-04 23:53:53,424 INFO o.a.j.t.JMeterThread: Stopping: Thread Group 1-2
2023-04-04 23:53:53,424 INFO o.a.j.t.JMeterThread: Stopping: Thread Group 1-15
2023-04-04 23:53:53,424 INFO o.a.j.t.JMeterThread: Stopping: Thread Group 1-19
2023-04-04 23:53:53,424 INFO o.a.j.t.JMeterThread: Stopping: Thread Group 1-3
2023-04-04 23:53:53,424 INFO o.a.j.t.JMeterThread: Stopping: Thread Group 1-10
2023-04-04 23:53:53,424 INFO o.a.j.t.JMeterThread: Stopping: Thread Group 1-11
2023-04-04 23:53:53,424 INFO o.a.j.t.JMeterThread: Stopping: Thread Group 1-17
2023-04-04 23:53:53,424 INFO o.a.j.t.JMeterThread: Stopping: Thread Group 1-16
2023-04-04 23:53:53,424 INFO o.a.j.t.JMeterThread: Stopping: Thread Group 1-14
2023-04-04 23:53:53,424 INFO o.a.j.t.JMeterThread: Stopping: Thread Group 1-13
2023-04-04 23:53:53,424 INFO o.a.j.t.JMeterThread: Stopping: Thread Group 1-4
2023-04-04 23:53:53,424 INFO o.a.j.t.JMeterThread: Stopping: Thread Group 1-1
2023-04-04 23:53:53,428 INFO o.a.j.t.JMeterThread: Thread finished: Thread Group 1-14
2023-04-04 23:53:53,428 INFO o.a.j.t.JMeterThread: Thread finished: Thread Group 1-12
2023-04-04 23:53:53,428 INFO o.a.j.t.JMeterThread: Thread finished: Thread Group 1-11
2023-04-04 23:53:53,428 INFO o.a.j.t.JMeterThread: Thread finished: Thread Group 1-13
2023-04-04 23:53:53,428 INFO o.a.j.t.JMeterThread: Thread finished: Thread Group 1-15
2023-04-04 23:53:53,433 INFO o.a.j.t.JMeterThread: Thread finished: Thread Group 1-8
2023-04-04 23:53:53,433 INFO o.a.j.t.JMeterThread: Thread finished: Thread Group 1-9
2023-04-04 23:53:53,433 INFO o.a.j.t.JMeterThread: Thread finished: Thread Group 1-10
2023-04-04 23:53:53,436 INFO o.a.j.t.JMeterThread: Thread finished: Thread Group 1-4
2023-04-04 23:53:53,441 INFO o.a.j.t.JMeterThread: Thread finished: Thread Group 1-7
2023-04-04 23:53:53,442 INFO o.a.j.t.JMeterThread: Thread finished: Thread Group 1-6
2023-04-04 23:53:53,450 INFO o.a.j.t.JMeterThread: Thread finished: Thread Group 1-5
2023-04-04 23:53:53,455 INFO o.a.j.t.JMeterThread: Thread finished: Thread Group 1-3
2023-04-04 23:53:53,467 INFO o.a.j.t.JMeterThread: Thread finished: Thread Group 1-2
2023-04-04 23:53:53,470 INFO o.a.j.t.JMeterThread: Thread finished: Thread Group 1-1
2023-04-04 23:53:53,884 INFO o.a.j.t.JMeterThread: Thread finished: Thread Group 1-20
2023-04-04 23:53:53,900 INFO o.a.j.t.JMeterThread: Thread finished: Thread Group 1-18
2023-04-04 23:53:53,936 INFO o.a.j.t.JMeterThread: Thread finished: Thread Group 1-19
2023-04-04 23:53:53,936 INFO o.a.j.t.JMeterThread: Thread finished: Thread Group 1-16
2023-04-04 23:53:53,937 INFO o.a.j.t.JMeterThread: Thread finished: Thread Group 1-17
2023-04-04 23:53:53,938 INFO o.a.j.e.StandardJMeterEngine: Notifying test listeners of end of test
2023-04-04 23:53:53,938 INFO o.a.j.g.u.JMeterMenuBar: setRunning(false, *local*)
2023-04-04 23:59:58,983 INFO o.a.j.e.StandardJMeterEngine: Running the test!
2023-04-04 23:59:58,983 INFO o.a.j.s.SampleEvent: List of sample_variables: []
2023-04-04 23:59:58,984 INFO o.a.j.g.u.JMeterMenuBar: setRunning(true, *local*)
2023-04-04 23:59:59,008 INFO o.a.j.e.StandardJMeterEngine: Starting ThreadGroup: 1 : Thread Group
2023-04-04 23:59:59,008 INFO o.a.j.e.StandardJMeterEngine: Starting 5 threads for group Thread Group.
2023-04-04 23:59:59,008 INFO o.a.j.e.StandardJMeterEngine: Thread will continue on error
2023-04-04 23:59:59,008 INFO o.a.j.t.ThreadGroup: Starting thread group... number=1 threads=5 ramp-up=55 delayedStart=false
2023-04-04 23:59:59,008 INFO o.a.j.t.JMeterThread: Thread started: Thread Group 1-1
2023-04-04 23:59:59,009 INFO o.a.j.t.ThreadGroup: Started thread group number 1
2023-04-04 23:59:59,009 INFO o.a.j.e.StandardJMeterEngine: All thread groups have been started
2023-04-04 23:59:59,526 INFO o.a.j.t.JMeterThread: Thread is done: Thread Group 1-1
2023-04-04 23:59:59,526 INFO o.a.j.t.JMeterThread: Thread finished: Thread Group 1-1
2023-04-05 00:00:10,011 INFO o.a.j.t.JMeterThread: Thread started: Thread Group 1-2
2023-04-05 00:00:10,526 INFO o.a.j.t.JMeterThread: Thread is done: Thread Group 1-2
2023-04-05 00:00:10,527 INFO o.a.j.t.JMeterThread: Thread finished: Thread Group 1-2
2023-04-05 00:00:21,013 INFO o.a.j.t.JMeterThread: Thread started: Thread Group 1-3
2023-04-05 00:00:21,528 INFO o.a.j.t.JMeterThread: Thread is done: Thread Group 1-3
2023-04-05 00:00:21,528 INFO o.a.j.t.JMeterThread: Thread finished: Thread Group 1-3
2023-04-05 00:00:32,011 INFO o.a.j.t.JMeterThread: Thread started: Thread Group 1-4
2023-04-05 00:00:32,531 INFO o.a.j.t.JMeterThread: Thread is done: Thread Group 1-4
2023-04-05 00:00:32,531 INFO o.a.j.t.JMeterThread: Thread finished: Thread Group 1-4
2023-04-05 00:00:43,010 INFO o.a.j.t.JMeterThread: Thread started: Thread Group 1-5
2023-04-05 00:00:43,524 INFO o.a.j.t.JMeterThread: Thread is done: Thread Group 1-5
2023-04-05 00:00:43,525 INFO o.a.j.t.JMeterThread: Thread finished: Thread Group 1-5
2023-04-05 00:00:43,532 INFO o.a.j.e.StandardJMeterEngine: Notifying test listeners of end of test
2023-04-05 00:00:43,533 INFO o.a.j.g.u.JMeterMenuBar: setRunning(false, *local*)
2023-04-05 00:01:08,139 INFO o.a.j.e.StandardJMeterEngine: Running the test!
2023-04-05 00:01:08,140 INFO o.a.j.s.SampleEvent: List of sample_variables: []
2023-04-05 00:01:08,140 INFO o.a.j.g.u.JMeterMenuBar: setRunning(true, *local*)
2023-04-05 00:01:08,175 INFO o.a.j.e.StandardJMeterEngine: Starting ThreadGroup: 1 : Thread Group
2023-04-05 00:01:08,175 INFO o.a.j.e.StandardJMeterEngine: Starting 5 threads for group Thread Group.
2023-04-05 00:01:08,176 INFO o.a.j.e.StandardJMeterEngine: Thread will continue on error
2023-04-05 00:01:08,176 INFO o.a.j.t.ThreadGroup: Starting thread group... number=1 threads=5 ramp-up=5 delayedStart=false
2023-04-05 00:01:08,176 INFO o.a.j.t.JMeterThread: Thread started: Thread Group 1-1
2023-04-05 00:01:08,176 INFO o.a.j.t.ThreadGroup: Started thread group number 1
2023-04-05 00:01:08,176 INFO o.a.j.e.StandardJMeterEngine: All thread groups have been started
2023-04-05 00:01:08,683 INFO o.a.j.t.JMeterThread: Thread is done: Thread Group 1-1
2023-04-05 00:01:08,683 INFO o.a.j.t.JMeterThread: Thread finished: Thread Group 1-1
2023-04-05 00:01:09,181 INFO o.a.j.t.JMeterThread: Thread started: Thread Group 1-2
2023-04-05 00:01:09,692 INFO o.a.j.t.JMeterThread: Thread is done: Thread Group 1-2
2023-04-05 00:01:09,693 INFO o.a.j.t.JMeterThread: Thread finished: Thread Group 1-2
2023-04-05 00:01:10,181 INFO o.a.j.t.JMeterThread: Thread started: Thread Group 1-3
2023-04-05 00:01:10,690 INFO o.a.j.t.JMeterThread: Thread is done: Thread Group 1-3
2023-04-05 00:01:10,690 INFO o.a.j.t.JMeterThread: Thread finished: Thread Group 1-3
2023-04-05 00:01:11,181 INFO o.a.j.t.JMeterThread: Thread started: Thread Group 1-4
2023-04-05 00:01:11,692 INFO o.a.j.t.JMeterThread: Thread is done: Thread Group 1-4
2023-04-05 00:01:11,692 INFO o.a.j.t.JMeterThread: Thread finished: Thread Group 1-4
2023-04-05 00:01:12,181 INFO o.a.j.t.JMeterThread: Thread started: Thread Group 1-5
2023-04-05 00:01:12,692 INFO o.a.j.t.JMeterThread: Thread is done: Thread Group 1-5
2023-04-05 00:01:12,693 INFO o.a.j.t.JMeterThread: Thread finished: Thread Group 1-5
2023-04-05 00:01:12,694 INFO o.a.j.e.StandardJMeterEngine: Notifying test listeners of end of test
2023-04-05 00:01:12,694 INFO o.a.j.g.u.JMeterMenuBar: setRunning(false, *local*)
2023-04-05 00:03:33,633 INFO o.a.j.e.StandardJMeterEngine: Running the test!
2023-04-05 00:03:33,634 INFO o.a.j.s.SampleEvent: List of sample_variables: []
2023-04-05 00:03:33,635 INFO o.a.j.g.u.JMeterMenuBar: setRunning(true, *local*)
2023-04-05 00:03:33,679 INFO o.a.j.e.StandardJMeterEngine: Starting ThreadGroup: 1 : Thread Group
2023-04-05 00:03:33,679 INFO o.a.j.e.StandardJMeterEngine: Starting 5 threads for group Thread Group.
2023-04-05 00:03:33,679 INFO o.a.j.e.StandardJMeterEngine: Thread will continue on error
2023-04-05 00:03:33,679 INFO o.a.j.t.ThreadGroup: Starting thread group... number=1 threads=5 ramp-up=5 delayedStart=false
2023-04-05 00:03:33,680 INFO o.a.j.t.JMeterThread: Thread started: Thread Group 1-1
2023-04-05 00:03:33,680 INFO o.a.j.t.ThreadGroup: Started thread group number 1
2023-04-05 00:03:33,680 INFO o.a.j.e.StandardJMeterEngine: All thread groups have been started
2023-04-05 00:03:34,190 INFO o.a.j.t.JMeterThread: Thread is done: Thread Group 1-1
2023-04-05 00:03:34,190 INFO o.a.j.t.JMeterThread: Thread finished: Thread Group 1-1
2023-04-05 00:03:34,684 INFO o.a.j.t.JMeterThread: Thread started: Thread Group 1-2
2023-04-05 00:03:35,191 INFO o.a.j.t.JMeterThread: Thread is done: Thread Group 1-2
2023-04-05 00:03:35,197 INFO o.a.j.t.JMeterThread: Thread finished: Thread Group 1-2
2023-04-05 00:03:35,685 INFO o.a.j.t.JMeterThread: Thread started: Thread Group 1-3
2023-04-05 00:03:36,200 INFO o.a.j.t.JMeterThread: Thread is done: Thread Group 1-3
2023-04-05 00:03:36,201 INFO o.a.j.t.JMeterThread: Thread finished: Thread Group 1-3
2023-04-05 00:03:36,684 INFO o.a.j.t.JMeterThread: Thread started: Thread Group 1-4
2023-04-05 00:03:37,201 INFO o.a.j.t.JMeterThread: Thread is done: Thread Group 1-4
2023-04-05 00:03:37,202 INFO o.a.j.t.JMeterThread: Thread finished: Thread Group 1-4
2023-04-05 00:03:37,683 INFO o.a.j.t.JMeterThread: Thread started: Thread Group 1-5
2023-04-05 00:03:38,199 INFO o.a.j.t.JMeterThread: Thread is done: Thread Group 1-5
2023-04-05 00:03:38,200 INFO o.a.j.t.JMeterThread: Thread finished: Thread Group 1-5
2023-04-05 00:03:38,203 INFO o.a.j.e.StandardJMeterEngine: Notifying test listeners of end of test
2023-04-05 00:03:38,203 INFO o.a.j.g.u.JMeterMenuBar: setRunning(false, *local*)
2023-04-05 00:04:16,103 INFO o.a.j.e.StandardJMeterEngine: Running the test!
2023-04-05 00:04:16,103 INFO o.a.j.s.SampleEvent: List of sample_variables: []
2023-04-05 00:04:16,104 INFO o.a.j.g.u.JMeterMenuBar: setRunning(true, *local*)
2023-04-05 00:04:16,144 INFO o.a.j.e.StandardJMeterEngine: Starting ThreadGroup: 1 : Thread Group
2023-04-05 00:04:16,144 INFO o.a.j.e.StandardJMeterEngine: Starting 5 threads for group Thread Group.
2023-04-05 00:04:16,144 INFO o.a.j.e.StandardJMeterEngine: Thread will continue on error
2023-04-05 00:04:16,144 INFO o.a.j.t.ThreadGroup: Starting thread group... number=1 threads=5 ramp-up=5 delayedStart=false
2023-04-05 00:04:16,144 INFO o.a.j.t.JMeterThread: Thread started: Thread Group 1-1
2023-04-05 00:04:16,145 INFO o.a.j.t.ThreadGroup: Started thread group number 1
2023-04-05 00:04:16,145 INFO o.a.j.e.StandardJMeterEngine: All thread groups have been started
2023-04-05 00:04:16,650 INFO o.a.j.t.JMeterThread: Thread is done: Thread Group 1-1
2023-04-05 00:04:16,651 INFO o.a.j.t.JMeterThread: Thread finished: Thread Group 1-1
2023-04-05 00:04:17,150 INFO o.a.j.t.JMeterThread: Thread started: Thread Group 1-2
2023-04-05 00:04:17,665 INFO o.a.j.t.JMeterThread: Thread is done: Thread Group 1-2
2023-04-05 00:04:17,665 INFO o.a.j.t.JMeterThread: Thread finished: Thread Group 1-2
2023-04-05 00:04:18,149 INFO o.a.j.t.JMeterThread: Thread started: Thread Group 1-3
2023-04-05 00:04:18,662 INFO o.a.j.t.JMeterThread: Thread is done: Thread Group 1-3
2023-04-05 00:04:18,662 INFO o.a.j.t.JMeterThread: Thread finished: Thread Group 1-3
2023-04-05 00:04:19,149 INFO o.a.j.t.JMeterThread: Thread started: Thread Group 1-4
2023-04-05 00:04:19,655 INFO o.a.j.t.JMeterThread: Thread is done: Thread Group 1-4
2023-04-05 00:04:19,655 INFO o.a.j.t.JMeterThread: Thread finished: Thread Group 1-4
2023-04-05 00:04:20,149 INFO o.a.j.t.JMeterThread: Thread started: Thread Group 1-5
2023-04-05 00:04:20,666 INFO o.a.j.t.JMeterThread: Thread is done: Thread Group 1-5
2023-04-05 00:04:20,666 INFO o.a.j.t.JMeterThread: Thread finished: Thread Group 1-5
2023-04-05 00:04:20,668 INFO o.a.j.e.StandardJMeterEngine: Notifying test listeners of end of test
2023-04-05 00:04:20,668 INFO o.a.j.g.u.JMeterMenuBar: setRunning(false, *local*)
2023-04-05 00:06:30,971 INFO o.a.j.e.StandardJMeterEngine: Running the test!
2023-04-05 00:06:30,972 INFO o.a.j.s.SampleEvent: List of sample_variables: []
2023-04-05 00:06:30,973 INFO o.a.j.g.u.JMeterMenuBar: setRunning(true, *local*)
2023-04-05 00:06:31,022 INFO o.a.j.e.StandardJMeterEngine: Starting ThreadGroup: 1 : Thread Group
2023-04-05 00:06:31,022 INFO o.a.j.e.StandardJMeterEngine: Starting 5 threads for group Thread Group.
2023-04-05 00:06:31,023 INFO o.a.j.e.StandardJMeterEngine: Thread will continue on error
2023-04-05 00:06:31,023 INFO o.a.j.t.ThreadGroup: Starting thread group... number=1 threads=5 ramp-up=5 delayedStart=false
2023-04-05 00:06:31,023 INFO o.a.j.t.JMeterThread: Thread started: Thread Group 1-1
2023-04-05 00:06:31,023 INFO o.a.j.t.ThreadGroup: Started thread group number 1
2023-04-05 00:06:31,023 INFO o.a.j.e.StandardJMeterEngine: All thread groups have been started
2023-04-05 00:06:32,028 INFO o.a.j.t.JMeterThread: Thread started: Thread Group 1-2
2023-04-05 00:06:33,027 INFO o.a.j.t.JMeterThread: Thread started: Thread Group 1-3
2023-04-05 00:06:34,032 INFO o.a.j.t.JMeterThread: Thread started: Thread Group 1-4
2023-04-05 00:06:35,028 INFO o.a.j.t.JMeterThread: Thread started: Thread Group 1-5
2023-04-05 00:06:36,683 INFO o.a.j.t.JMeterThread: Thread is done: Thread Group 1-2
2023-04-05 00:06:36,683 INFO o.a.j.t.JMeterThread: Thread finished: Thread Group 1-2
2023-04-05 00:06:37,984 INFO o.a.j.t.JMeterThread: Thread is done: Thread Group 1-3
2023-04-05 00:06:37,984 INFO o.a.j.t.JMeterThread: Thread finished: Thread Group 1-3
2023-04-05 00:06:38,746 INFO o.a.j.t.JMeterThread: Thread is done: Thread Group 1-1
2023-04-05 00:06:38,746 INFO o.a.j.t.JMeterThread: Thread finished: Thread Group 1-1
2023-04-05 00:06:39,971 INFO o.a.j.t.JMeterThread: Thread is done: Thread Group 1-4
2023-04-05 00:06:39,971 INFO o.a.j.t.JMeterThread: Thread finished: Thread Group 1-4
2023-04-05 00:06:40,179 INFO o.a.j.t.JMeterThread: Thread is done: Thread Group 1-5
2023-04-05 00:06:40,179 INFO o.a.j.t.JMeterThread: Thread finished: Thread Group 1-5
2023-04-05 00:06:40,180 INFO o.a.j.e.StandardJMeterEngine: Notifying test listeners of end of test
2023-04-05 00:06:40,180 INFO o.a.j.g.u.JMeterMenuBar: setRunning(false, *local*)
2023-04-05 00:07:01,676 INFO o.a.j.e.StandardJMeterEngine: Running the test!
2023-04-05 00:07:01,677 INFO o.a.j.s.SampleEvent: List of sample_variables: []
2023-04-05 00:07:01,678 INFO o.a.j.g.u.JMeterMenuBar: setRunning(true, *local*)
2023-04-05 00:07:01,719 INFO o.a.j.e.StandardJMeterEngine: Starting ThreadGroup: 1 : Thread Group
2023-04-05 00:07:01,719 INFO o.a.j.e.StandardJMeterEngine: Starting 5 threads for group Thread Group.
2023-04-05 00:07:01,719 INFO o.a.j.e.StandardJMeterEngine: Thread will continue on error
2023-04-05 00:07:01,719 INFO o.a.j.t.ThreadGroup: Starting thread group... number=1 threads=5 ramp-up=5 delayedStart=false
2023-04-05 00:07:01,720 INFO o.a.j.t.JMeterThread: Thread started: Thread Group 1-1
2023-04-05 00:07:01,720 INFO o.a.j.t.ThreadGroup: Started thread group number 1
2023-04-05 00:07:01,720 INFO o.a.j.e.StandardJMeterEngine: All thread groups have been started
2023-04-05 00:07:02,725 INFO o.a.j.t.JMeterThread: Thread started: Thread Group 1-2
2023-04-05 00:07:03,725 INFO o.a.j.t.JMeterThread: Thread started: Thread Group 1-3
2023-04-05 00:07:04,723 INFO o.a.j.t.JMeterThread: Thread started: Thread Group 1-4
2023-04-05 00:07:05,722 INFO o.a.j.t.JMeterThread: Thread started: Thread Group 1-5
2023-04-05 00:07:07,667 INFO o.a.j.t.JMeterThread: Thread is done: Thread Group 1-2
2023-04-05 00:07:07,667 INFO o.a.j.t.JMeterThread: Thread finished: Thread Group 1-2
2023-04-05 00:07:08,065 INFO o.a.j.t.JMeterThread: Thread is done: Thread Group 1-1
2023-04-05 00:07:08,065 INFO o.a.j.t.JMeterThread: Thread finished: Thread Group 1-1
2023-04-05 00:07:08,239 INFO o.a.j.t.JMeterThread: Thread is done: Thread Group 1-3
2023-04-05 00:07:08,239 INFO o.a.j.t.JMeterThread: Thread finished: Thread Group 1-3
2023-04-05 00:07:10,485 INFO o.a.j.t.JMeterThread: Thread is done: Thread Group 1-4
2023-04-05 00:07:10,486 INFO o.a.j.t.JMeterThread: Thread finished: Thread Group 1-4
2023-04-05 00:07:10,914 INFO o.a.j.t.JMeterThread: Thread is done: Thread Group 1-5
2023-04-05 00:07:10,914 INFO o.a.j.t.JMeterThread: Thread finished: Thread Group 1-5
2023-04-05 00:07:10,915 INFO o.a.j.e.StandardJMeterEngine: Notifying test listeners of end of test
2023-04-05 00:07:10,915 INFO o.a.j.g.u.JMeterMenuBar: setRunning(false, *local*)
2023-04-05 00:17:32,838 INFO o.a.j.e.StandardJMeterEngine: Running the test!
2023-04-05 00:17:32,840 INFO o.a.j.s.SampleEvent: List of sample_variables: []
2023-04-05 00:17:32,841 INFO o.a.j.g.u.JMeterMenuBar: setRunning(true, *local*)
2023-04-05 00:17:32,888 INFO o.a.j.e.StandardJMeterEngine: Starting ThreadGroup: 1 : Thread Group
2023-04-05 00:17:32,888 INFO o.a.j.e.StandardJMeterEngine: Starting 5 threads for group Thread Group.
2023-04-05 00:17:32,888 INFO o.a.j.e.StandardJMeterEngine: Thread will continue on error
2023-04-05 00:17:32,888 INFO o.a.j.t.ThreadGroup: Starting thread group... number=1 threads=5 ramp-up=5 delayedStart=false
2023-04-05 00:17:32,889 INFO o.a.j.t.JMeterThread: Thread started: Thread Group 1-1
2023-04-05 00:17:32,889 INFO o.a.j.t.ThreadGroup: Started thread group number 1
2023-04-05 00:17:32,889 INFO o.a.j.e.StandardJMeterEngine: All thread groups have been started
2023-04-05 00:17:33,029 INFO o.a.j.t.JMeterThread: Thread is done: Thread Group 1-1
2023-04-05 00:17:33,029 INFO o.a.j.t.JMeterThread: Thread finished: Thread Group 1-1
2023-04-05 00:17:33,893 INFO o.a.j.t.JMeterThread: Thread started: Thread Group 1-2
2023-04-05 00:17:33,924 INFO o.a.j.t.JMeterThread: Thread is done: Thread Group 1-2
2023-04-05 00:17:33,924 INFO o.a.j.t.JMeterThread: Thread finished: Thread Group 1-2
2023-04-05 00:17:34,890 INFO o.a.j.t.JMeterThread: Thread started: Thread Group 1-3
2023-04-05 00:17:34,961 INFO o.a.j.t.JMeterThread: Thread is done: Thread Group 1-3
2023-04-05 00:17:34,962 INFO o.a.j.t.JMeterThread: Thread finished: Thread Group 1-3
2023-04-05 00:17:35,893 INFO o.a.j.t.JMeterThread: Thread started: Thread Group 1-4
2023-04-05 00:17:35,953 INFO o.a.j.t.JMeterThread: Thread is done: Thread Group 1-4
2023-04-05 00:17:35,953 INFO o.a.j.t.JMeterThread: Thread finished: Thread Group 1-4
2023-04-05 00:17:36,893 INFO o.a.j.t.JMeterThread: Thread started: Thread Group 1-5
2023-04-05 00:17:36,966 INFO o.a.j.t.JMeterThread: Thread is done: Thread Group 1-5
2023-04-05 00:17:36,966 INFO o.a.j.t.JMeterThread: Thread finished: Thread Group 1-5
2023-04-05 00:17:36,966 INFO o.a.j.e.StandardJMeterEngine: Notifying test listeners of end of test
2023-04-05 00:17:36,966 INFO o.a.j.g.u.JMeterMenuBar: setRunning(false, *local*)
2023-04-05 00:17:42,515 INFO o.a.j.e.StandardJMeterEngine: Running the test!
2023-04-05 00:17:42,515 INFO o.a.j.s.SampleEvent: List of sample_variables: []
2023-04-05 00:17:42,515 INFO o.a.j.g.u.JMeterMenuBar: setRunning(true, *local*)
2023-04-05 00:17:42,557 INFO o.a.j.e.StandardJMeterEngine: Starting ThreadGroup: 1 : Thread Group
2023-04-05 00:17:42,557 INFO o.a.j.e.StandardJMeterEngine: Starting 5 threads for group Thread Group.
2023-04-05 00:17:42,557 INFO o.a.j.e.StandardJMeterEngine: Thread will continue on error
2023-04-05 00:17:42,557 INFO o.a.j.t.ThreadGroup: Starting thread group... number=1 threads=5 ramp-up=5 delayedStart=false
2023-04-05 00:17:42,558 INFO o.a.j.t.JMeterThread: Thread started: Thread Group 1-1
2023-04-05 00:17:42,558 INFO o.a.j.t.ThreadGroup: Started thread group number 1
2023-04-05 00:17:42,558 INFO o.a.j.e.StandardJMeterEngine: All thread groups have been started
2023-04-05 00:17:42,602 INFO o.a.j.t.JMeterThread: Thread is done: Thread Group 1-1
2023-04-05 00:17:42,602 INFO o.a.j.t.JMeterThread: Thread finished: Thread Group 1-1
2023-04-05 00:17:43,562 INFO o.a.j.t.JMeterThread: Thread started: Thread Group 1-2
2023-04-05 00:17:43,614 INFO o.a.j.t.JMeterThread: Thread is done: Thread Group 1-2
2023-04-05 00:17:43,614 INFO o.a.j.t.JMeterThread: Thread finished: Thread Group 1-2
2023-04-05 00:17:44,559 INFO o.a.j.t.JMeterThread: Thread started: Thread Group 1-3
2023-04-05 00:17:44,626 INFO o.a.j.t.JMeterThread: Thread is done: Thread Group 1-3
2023-04-05 00:17:44,626 INFO o.a.j.t.JMeterThread: Thread finished: Thread Group 1-3
2023-04-05 00:17:45,562 INFO o.a.j.t.JMeterThread: Thread started: Thread Group 1-4
2023-04-05 00:17:45,607 INFO o.a.j.t.JMeterThread: Thread is done: Thread Group 1-4
2023-04-05 00:17:45,607 INFO o.a.j.t.JMeterThread: Thread finished: Thread Group 1-4
2023-04-05 00:17:46,562 INFO o.a.j.t.JMeterThread: Thread started: Thread Group 1-5
2023-04-05 00:17:46,620 INFO o.a.j.t.JMeterThread: Thread is done: Thread Group 1-5
2023-04-05 00:17:46,620 INFO o.a.j.t.JMeterThread: Thread finished: Thread Group 1-5
2023-04-05 00:17:46,621 INFO o.a.j.e.StandardJMeterEngine: Notifying test listeners of end of test
2023-04-05 00:17:46,621 INFO o.a.j.g.u.JMeterMenuBar: setRunning(false, *local*)
2023-04-05 00:18:33,938 INFO o.a.j.e.StandardJMeterEngine: Running the test!
2023-04-05 00:18:33,938 INFO o.a.j.s.SampleEvent: List of sample_variables: []
2023-04-05 00:18:33,939 INFO o.a.j.g.u.JMeterMenuBar: setRunning(true, *local*)
2023-04-05 00:18:33,981 INFO o.a.j.e.StandardJMeterEngine: Starting ThreadGroup: 1 : Thread Group
2023-04-05 00:18:33,981 INFO o.a.j.e.StandardJMeterEngine: Starting 5 threads for group Thread Group.
2023-04-05 00:18:33,981 INFO o.a.j.e.StandardJMeterEngine: Thread will continue on error
2023-04-05 00:18:33,981 INFO o.a.j.t.ThreadGroup: Starting thread group... number=1 threads=5 ramp-up=5 delayedStart=false
2023-04-05 00:18:33,981 INFO o.a.j.t.JMeterThread: Thread started: Thread Group 1-1
2023-04-05 00:18:33,982 INFO o.a.j.t.ThreadGroup: Started thread group number 1
2023-04-05 00:18:33,982 INFO o.a.j.e.StandardJMeterEngine: All thread groups have been started
2023-04-05 00:18:34,985 INFO o.a.j.t.JMeterThread: Thread started: Thread Group 1-2
2023-04-05 00:18:35,985 INFO o.a.j.t.JMeterThread: Thread started: Thread Group 1-3
2023-04-05 00:18:36,984 INFO o.a.j.t.JMeterThread: Thread started: Thread Group 1-4
2023-04-05 00:18:37,986 INFO o.a.j.t.JMeterThread: Thread started: Thread Group 1-5
2023-04-05 00:18:38,895 INFO o.a.j.t.JMeterThread: Thread is done: Thread Group 1-1
2023-04-05 00:18:38,895 INFO o.a.j.t.JMeterThread: Thread finished: Thread Group 1-1
2023-04-05 00:18:40,817 INFO o.a.j.t.JMeterThread: Thread is done: Thread Group 1-2
2023-04-05 00:18:40,817 INFO o.a.j.t.JMeterThread: Thread finished: Thread Group 1-2
2023-04-05 00:18:41,121 INFO o.a.j.t.JMeterThread: Thread is done: Thread Group 1-3
2023-04-05 00:18:41,121 INFO o.a.j.t.JMeterThread: Thread finished: Thread Group 1-3
2023-04-05 00:18:41,687 INFO o.a.j.t.JMeterThread: Thread is done: Thread Group 1-5
2023-04-05 00:18:41,687 INFO o.a.j.t.JMeterThread: Thread finished: Thread Group 1-5
2023-04-05 00:18:42,614 INFO o.a.j.t.JMeterThread: Thread is done: Thread Group 1-4
2023-04-05 00:18:42,614 INFO o.a.j.t.JMeterThread: Thread finished: Thread Group 1-4
2023-04-05 00:18:42,615 INFO o.a.j.e.StandardJMeterEngine: Notifying test listeners of end of test
2023-04-05 00:18:42,615 INFO o.a.j.g.u.JMeterMenuBar: setRunning(false, *local*)
2023-04-05 00:22:07,741 INFO o.a.j.e.StandardJMeterEngine: Running the test!
2023-04-05 00:22:07,743 INFO o.a.j.s.SampleEvent: List of sample_variables: []
2023-04-05 00:22:07,744 INFO o.a.j.g.u.JMeterMenuBar: setRunning(true, *local*)
2023-04-05 00:22:07,792 INFO o.a.j.e.StandardJMeterEngine: Starting ThreadGroup: 1 : Thread Group
2023-04-05 00:22:07,792 INFO o.a.j.e.StandardJMeterEngine: Starting 5 threads for group Thread Group.
2023-04-05 00:22:07,792 INFO o.a.j.e.StandardJMeterEngine: Thread will continue on error
2023-04-05 00:22:07,792 INFO o.a.j.t.ThreadGroup: Starting thread group... number=1 threads=5 ramp-up=5 delayedStart=false
2023-04-05 00:22:07,793 INFO o.a.j.t.JMeterThread: Thread started: Thread Group 1-1
2023-04-05 00:22:07,793 INFO o.a.j.t.ThreadGroup: Started thread group number 1
2023-04-05 00:22:07,793 INFO o.a.j.e.StandardJMeterEngine: All thread groups have been started
2023-04-05 00:22:08,798 INFO o.a.j.t.JMeterThread: Thread started: Thread Group 1-2
2023-04-05 00:22:09,797 INFO o.a.j.t.JMeterThread: Thread started: Thread Group 1-3
2023-04-05 00:22:10,797 INFO o.a.j.t.JMeterThread: Thread started: Thread Group 1-4
2023-04-05 00:22:10,853 INFO o.a.j.t.JMeterThread: Thread is done: Thread Group 1-4
2023-04-05 00:22:10,853 INFO o.a.j.t.JMeterThread: Thread finished: Thread Group 1-4
2023-04-05 00:22:11,798 INFO o.a.j.t.JMeterThread: Thread started: Thread Group 1-5
2023-04-05 00:22:12,020 INFO o.a.j.t.JMeterThread: Thread is done: Thread Group 1-1
2023-04-05 00:22:12,021 INFO o.a.j.t.JMeterThread: Thread finished: Thread Group 1-1
2023-04-05 00:22:12,038 INFO o.a.j.t.JMeterThread: Thread is done: Thread Group 1-2
2023-04-05 00:22:12,038 INFO o.a.j.t.JMeterThread: Thread finished: Thread Group 1-2
2023-04-05 00:22:14,881 INFO o.a.j.t.JMeterThread: Thread is done: Thread Group 1-5
2023-04-05 00:22:14,882 INFO o.a.j.t.JMeterThread: Thread finished: Thread Group 1-5
2023-04-05 00:22:15,882 INFO o.a.j.t.JMeterThread: Thread is done: Thread Group 1-3
2023-04-05 00:22:15,882 INFO o.a.j.t.JMeterThread: Thread finished: Thread Group 1-3
2023-04-05 00:22:15,883 INFO o.a.j.e.StandardJMeterEngine: Notifying test listeners of end of test
2023-04-05 00:22:15,884 INFO o.a.j.g.u.JMeterMenuBar: setRunning(false, *local*)
2023-04-05 00:23:23,378 INFO o.a.j.e.StandardJMeterEngine: Running the test!
2023-04-05 00:23:23,378 INFO o.a.j.s.SampleEvent: List of sample_variables: []
2023-04-05 00:23:23,378 INFO o.a.j.g.u.JMeterMenuBar: setRunning(true, *local*)
2023-04-05 00:23:23,414 INFO o.a.j.e.StandardJMeterEngine: Starting ThreadGroup: 1 : Thread Group
2023-04-05 00:23:23,414 INFO o.a.j.e.StandardJMeterEngine: Starting 5 threads for group Thread Group.
2023-04-05 00:23:23,414 INFO o.a.j.e.StandardJMeterEngine: Thread will continue on error
2023-04-05 00:23:23,414 INFO o.a.j.t.ThreadGroup: Starting thread group... number=1 threads=5 ramp-up=5 delayedStart=false
2023-04-05 00:23:23,414 INFO o.a.j.t.JMeterThread: Thread started: Thread Group 1-1
2023-04-05 00:23:23,414 INFO o.a.j.t.ThreadGroup: Started thread group number 1
2023-04-05 00:23:23,414 INFO o.a.j.e.StandardJMeterEngine: All thread groups have been started
2023-04-05 00:23:24,418 INFO o.a.j.t.JMeterThread: Thread started: Thread Group 1-2
2023-04-05 00:23:25,420 INFO o.a.j.t.JMeterThread: Thread started: Thread Group 1-3
2023-04-05 00:23:26,420 INFO o.a.j.t.JMeterThread: Thread started: Thread Group 1-4
2023-04-05 00:23:27,419 INFO o.a.j.t.JMeterThread: Thread started: Thread Group 1-5
2023-04-05 00:23:29,533 INFO o.a.j.t.JMeterThread: Thread is done: Thread Group 1-2
2023-04-05 00:23:29,533 INFO o.a.j.t.JMeterThread: Thread finished: Thread Group 1-2
2023-04-05 00:23:30,031 INFO o.a.j.t.JMeterThread: Thread is done: Thread Group 1-3
2023-04-05 00:23:30,034 INFO o.a.j.t.JMeterThread: Thread finished: Thread Group 1-3
2023-04-05 00:23:30,250 INFO o.a.j.t.JMeterThread: Thread is done: Thread Group 1-1
2023-04-05 00:23:30,250 INFO o.a.j.t.JMeterThread: Thread finished: Thread Group 1-1
2023-04-05 00:23:31,514 INFO o.a.j.t.JMeterThread: Thread is done: Thread Group 1-4
2023-04-05 00:23:31,515 INFO o.a.j.t.JMeterThread: Thread finished: Thread Group 1-4
2023-04-05 00:23:32,534 INFO o.a.j.t.JMeterThread: Thread is done: Thread Group 1-5
2023-04-05 00:23:32,534 INFO o.a.j.t.JMeterThread: Thread finished: Thread Group 1-5
2023-04-05 00:23:32,534 INFO o.a.j.e.StandardJMeterEngine: Notifying test listeners of end of test
2023-04-05 00:23:32,535 INFO o.a.j.g.u.JMeterMenuBar: setRunning(false, *local*)
2023-04-05 00:30:18,160 INFO o.a.j.e.KeyToolUtils: keytool found at 'keytool'
2023-04-05 00:30:18,161 INFO o.a.j.p.h.p.ProxyControl: HTTP(S) Test Script Recorder SSL Proxy will use keys that support embedded 3rd party resources in file /Users/hzy/Applications/it/jmeter/apache-jmeter-5.5/bin/proxyserver.jks
2023-04-05 00:34:58,284 INFO o.a.j.s.FileServer: Set new base='/Users/hzy/learning/lectures/jmeter/test plans'
2023-04-05 09:18:04,359 INFO o.a.j.g.a.t.TemplateManager: Reading templates from: /Users/hzy/Applications/it/jmeter/apache-jmeter-5.5/bin/templates/templates.xml
2023-04-05 10:29:11,708 INFO o.a.j.g.a.Load: Loading file: /Users/hzy/Applications/it/jmeter/apache-jmeter-5.5/bin/templates/build-adv-web-test-plan.jmx
2023-04-05 10:29:11,710 INFO o.a.j.s.SaveService: Loading file: /Users/hzy/Applications/it/jmeter/apache-jmeter-5.5/bin/templates/build-adv-web-test-plan.jmx
2023-04-05 10:29:11,726 INFO o.a.j.p.h.c.CookieManager: Settings: Delete null: true Check: true Allow variable: true Save: false Prefix: COOKIE_
2023-04-05 10:29:11,807 INFO o.a.j.v.ViewResultsFullVisualizer: Add JavaFX to your Java installation if you want to use renderer: org.apache.jmeter.visualizers.RenderInBrowser
2023-04-05 10:29:27,975 INFO o.a.j.g.a.Load: Loading file: /Users/hzy/Applications/it/jmeter/apache-jmeter-5.5/bin/templates/build-web-test-plan.jmx
2023-04-05 10:29:27,977 INFO o.a.j.s.SaveService: Loading file: /Users/hzy/Applications/it/jmeter/apache-jmeter-5.5/bin/templates/build-web-test-plan.jmx
2023-04-05 10:29:28,005 INFO o.a.j.v.ViewResultsFullVisualizer: Add JavaFX to your Java installation if you want to use renderer: org.apache.jmeter.visualizers.RenderInBrowser
2023-04-05 10:30:04,571 INFO o.a.j.g.a.Load: Loading file: /Users/hzy/Applications/it/jmeter/apache-jmeter-5.5/bin/templates/build-adv-web-test-plan.jmx
2023-04-05 10:30:04,571 INFO o.a.j.s.SaveService: Loading file: /Users/hzy/Applications/it/jmeter/apache-jmeter-5.5/bin/templates/build-adv-web-test-plan.jmx
2023-04-05 10:30:04,604 INFO o.a.j.v.ViewResultsFullVisualizer: Add JavaFX to your Java installation if you want to use renderer: org.apache.jmeter.visualizers.RenderInBrowser
2023-04-05 10:30:24,961 INFO o.a.j.g.a.Load: Loading file: /Users/hzy/Applications/it/jmeter/apache-jmeter-5.5/bin/templates/build-web-test-plan.jmx
2023-04-05 10:30:24,963 INFO o.a.j.s.SaveService: Loading file: /Users/hzy/Applications/it/jmeter/apache-jmeter-5.5/bin/templates/build-web-test-plan.jmx
2023-04-05 10:30:24,985 INFO o.a.j.v.ViewResultsFullVisualizer: Add JavaFX to your Java installation if you want to use renderer: org.apache.jmeter.visualizers.RenderInBrowser
2023-04-05 10:30:41,112 INFO o.a.j.g.a.Load: Loading file: /Users/hzy/Applications/it/jmeter/apache-jmeter-5.5/bin/templates/build-adv-web-test-plan.jmx
2023-04-05 10:30:41,113 INFO o.a.j.s.SaveService: Loading file: /Users/hzy/Applications/it/jmeter/apache-jmeter-5.5/bin/templates/build-adv-web-test-plan.jmx
2023-04-05 10:30:41,145 INFO o.a.j.v.ViewResultsFullVisualizer: Add JavaFX to your Java installation if you want to use renderer: org.apache.jmeter.visualizers.RenderInBrowser
2023-04-05 10:41:10,379 INFO o.a.j.v.ViewResultsFullVisualizer: Add JavaFX to your Java installation if you want to use renderer: org.apache.jmeter.visualizers.RenderInBrowser
2023-04-05 10:41:18,665 INFO o.a.j.v.ViewResultsFullVisualizer: Add JavaFX to your Java installation if you want to use renderer: org.apache.jmeter.visualizers.RenderInBrowser
2023-04-05 14:15:45,032 INFO o.a.j.s.FileServer: Set new base='/Users/hzy/Applications/it/jmeter/apache-jmeter-5.5/bin/templates'
2023-04-05 14:15:48,244 INFO o.a.j.e.StandardJMeterEngine: Running the test!
2023-04-05 14:15:48,245 INFO o.a.j.s.SampleEvent: List of sample_variables: []
2023-04-05 14:15:48,245 INFO o.a.j.g.u.JMeterMenuBar: setRunning(true, *local*)
2023-04-05 14:15:48,301 INFO o.a.j.e.StandardJMeterEngine: Starting ThreadGroup: 1 : Thread Group
2023-04-05 14:15:48,301 INFO o.a.j.e.StandardJMeterEngine: Starting 1 threads for group Thread Group.
2023-04-05 14:15:48,301 INFO o.a.j.e.StandardJMeterEngine: Thread will continue on error
2023-04-05 14:15:48,301 INFO o.a.j.t.ThreadGroup: Starting thread group... number=1 threads=1 ramp-up=1 delayedStart=false
2023-04-05 14:15:48,301 INFO o.a.j.t.ThreadGroup: Started thread group number 1
2023-04-05 14:15:48,301 INFO o.a.j.e.StandardJMeterEngine: All thread groups have been started
2023-04-05 14:15:48,302 INFO o.a.j.t.JMeterThread: Thread started: Thread Group 1-1
2023-04-05 14:15:50,156 INFO o.a.j.t.JMeterThread: Thread is done: Thread Group 1-1
2023-04-05 14:15:50,156 INFO o.a.j.t.JMeterThread: Thread finished: Thread Group 1-1
2023-04-05 14:15:50,157 INFO o.a.j.e.StandardJMeterEngine: Notifying test listeners of end of test
2023-04-05 14:15:50,157 INFO o.a.j.g.u.JMeterMenuBar: setRunning(false, *local*)
2023-04-05 14:16:10,819 INFO o.a.j.e.StandardJMeterEngine: Running the test!
2023-04-05 14:16:10,820 INFO o.a.j.s.SampleEvent: List of sample_variables: []
2023-04-05 14:16:10,820 INFO o.a.j.g.u.JMeterMenuBar: setRunning(true, *local*)
2023-04-05 14:16:10,859 INFO o.a.j.e.StandardJMeterEngine: Starting ThreadGroup: 1 : Thread Group
2023-04-05 14:16:10,859 INFO o.a.j.e.StandardJMeterEngine: Starting 1 threads for group Thread Group.
2023-04-05 14:16:10,859 INFO o.a.j.e.StandardJMeterEngine: Thread will continue on error
2023-04-05 14:16:10,859 INFO o.a.j.t.ThreadGroup: Starting thread group... number=1 threads=1 ramp-up=1 delayedStart=false
2023-04-05 14:16:10,859 INFO o.a.j.t.ThreadGroup: Started thread group number 1
2023-04-05 14:16:10,859 INFO o.a.j.e.StandardJMeterEngine: All thread groups have been started
2023-04-05 14:16:10,859 INFO o.a.j.t.JMeterThread: Thread started: Thread Group 1-1
2023-04-05 14:16:11,686 INFO o.a.j.t.JMeterThread: Thread is done: Thread Group 1-1
2023-04-05 14:16:11,687 INFO o.a.j.t.JMeterThread: Thread finished: Thread Group 1-1
2023-04-05 14:16:11,688 INFO o.a.j.e.StandardJMeterEngine: Notifying test listeners of end of test
2023-04-05 14:16:11,689 INFO o.a.j.g.u.JMeterMenuBar: setRunning(false, *local*)
2023-04-05 14:16:46,844 INFO o.a.j.e.StandardJMeterEngine: Running the test!
2023-04-05 14:16:46,845 INFO o.a.j.s.SampleEvent: List of sample_variables: []
2023-04-05 14:16:46,845 INFO o.a.j.g.u.JMeterMenuBar: setRunning(true, *local*)
2023-04-05 14:16:46,885 INFO o.a.j.e.StandardJMeterEngine: Starting ThreadGroup: 1 : Thread Group
2023-04-05 14:16:46,885 INFO o.a.j.e.StandardJMeterEngine: Starting 1 threads for group Thread Group.
2023-04-05 14:16:46,885 INFO o.a.j.e.StandardJMeterEngine: Thread will continue on error
2023-04-05 14:16:46,885 INFO o.a.j.t.ThreadGroup: Starting thread group... number=1 threads=1 ramp-up=1 delayedStart=false
2023-04-05 14:16:46,885 INFO o.a.j.t.ThreadGroup: Started thread group number 1
2023-04-05 14:16:46,885 INFO o.a.j.e.StandardJMeterEngine: All thread groups have been started
2023-04-05 14:16:46,885 INFO o.a.j.t.JMeterThread: Thread started: Thread Group 1-1
2023-04-05 14:16:59,504 INFO o.a.j.g.a.Start: Shutting test down
2023-04-05 14:16:59,526 INFO o.a.j.t.JMeterThread: Stopping: Thread Group 1-1
2023-04-05 14:16:59,593 INFO o.a.j.t.JMeterThread: Thread finished: Thread Group 1-1
2023-04-05 14:16:59,593 INFO o.a.j.e.StandardJMeterEngine: Notifying test listeners of end of test
2023-04-05 14:16:59,593 INFO o.a.j.g.u.JMeterMenuBar: setRunning(false, *local*)
2023-04-05 14:17:25,250 INFO o.a.j.e.StandardJMeterEngine: Running the test!
2023-04-05 14:17:25,251 INFO o.a.j.s.SampleEvent: List of sample_variables: []
2023-04-05 14:17:25,251 INFO o.a.j.g.u.JMeterMenuBar: setRunning(true, *local*)
2023-04-05 14:17:25,296 INFO o.a.j.e.StandardJMeterEngine: Starting ThreadGroup: 1 : Thread Group
2023-04-05 14:17:25,296 INFO o.a.j.e.StandardJMeterEngine: Starting 1 threads for group Thread Group.
2023-04-05 14:17:25,296 INFO o.a.j.e.StandardJMeterEngine: Thread will continue on error
2023-04-05 14:17:25,296 INFO o.a.j.t.ThreadGroup: Starting thread group... number=1 threads=1 ramp-up=1 delayedStart=false
2023-04-05 14:17:25,297 INFO o.a.j.t.ThreadGroup: Started thread group number 1
2023-04-05 14:17:25,297 INFO o.a.j.e.StandardJMeterEngine: All thread groups have been started
2023-04-05 14:17:25,297 INFO o.a.j.t.JMeterThread: Thread started: Thread Group 1-1
2023-04-05 14:17:49,174 INFO o.a.j.g.a.Start: Shutting test down
2023-04-05 14:17:49,192 INFO o.a.j.t.JMeterThread: Stopping: Thread Group 1-1
2023-04-05 14:17:49,568 INFO o.a.j.t.JMeterThread: Thread finished: Thread Group 1-1
2023-04-05 14:17:49,570 INFO o.a.j.e.StandardJMeterEngine: Notifying test listeners of end of test
2023-04-05 14:17:49,570 INFO o.a.j.g.u.JMeterMenuBar: setRunning(false, *local*)
2023-04-05 14:18:25,374 INFO o.a.j.e.StandardJMeterEngine: Running the test!
2023-04-05 14:18:25,375 INFO o.a.j.s.SampleEvent: List of sample_variables: []
2023-04-05 14:18:25,375 INFO o.a.j.g.u.JMeterMenuBar: setRunning(true, *local*)
2023-04-05 14:18:25,418 INFO o.a.j.e.StandardJMeterEngine: Starting ThreadGroup: 1 : Thread Group
2023-04-05 14:18:25,419 INFO o.a.j.e.StandardJMeterEngine: Starting 1 threads for group Thread Group.
2023-04-05 14:18:25,419 INFO o.a.j.e.StandardJMeterEngine: Thread will continue on error
2023-04-05 14:18:25,419 INFO o.a.j.t.ThreadGroup: Starting thread group... number=1 threads=1 ramp-up=1 delayedStart=false
2023-04-05 14:18:25,419 INFO o.a.j.t.ThreadGroup: Started thread group number 1
2023-04-05 14:18:25,419 INFO o.a.j.e.StandardJMeterEngine: All thread groups have been started
2023-04-05 14:18:25,419 INFO o.a.j.t.JMeterThread: Thread started: Thread Group 1-1
2023-04-05 14:19:24,431 INFO o.a.j.g.a.Start: Shutting test down
2023-04-05 14:19:24,443 INFO o.a.j.t.JMeterThread: Stopping: Thread Group 1-1
2023-04-05 14:19:26,090 INFO o.a.j.t.JMeterThread: Thread finished: Thread Group 1-1
2023-04-05 14:19:26,092 INFO o.a.j.e.StandardJMeterEngine: Notifying test listeners of end of test
2023-04-05 14:19:26,092 INFO o.a.j.g.u.JMeterMenuBar: setRunning(false, *local*)
